[boot1.cpp][line:274][boot1]  -->
[boot1.cpp][line:275][boot1] Starting boot1 16
[boot1.cpp][line:115][init_ramsize]  -->
[boot1.cpp][line:117][init_ramsize] RAM size: kb: 15360 + 64kb: 1792
[boot1.cpp][line:115][init_ramsize]  <--
[boot1.cpp][line:121][init_mbr]  -->
[boot1.cpp][line:126][init_mbr] part0
field: [0x0], start_lo [1], start_hi: [0], len_lo [4095], len_hi[0], sys_id[238]
[boot1.cpp][line:132][init_mbr] Found boot part: 0
[boot1.cpp][line:126][init_mbr] part1
field: [0x0], start_lo [0], start_hi: [0], len_lo [0], len_hi[0], sys_id[0]
[boot1.cpp][line:126][init_mbr] part2
field: [0x0], start_lo [0], start_hi: [0], len_lo [0], len_hi[0], sys_id[0]
[boot1.cpp][line:126][init_mbr] part3
field: [0x0], start_lo [0], start_hi: [0], len_lo [0], len_hi[0], sys_id[0]
[boot1.cpp][line:121][init_mbr]  <--
[boot1.cpp][line:47][find_vesa_mode]  -->
[boot1.cpp][line:50][find_vesa_mode] vesa info ptr: 0x78ea
[boot1.cpp][line:54][find_vesa_mode] vesa sig: VESA
[boot1.cpp][line:56][find_vesa_mode] vesa version: 0x200
[boot1.cpp][line:57][find_vesa_mode] oem str ptr: 0xc7de6
[boot1.cpp][line:76][find_vesa_mode] vesa mode: attr[0x9b] 0x100, [640X400] bpp: 8 pitch 640 base: 0xe0000000
[boot1.cpp][line:76][find_vesa_mode] vesa mode: attr[0x9b] 0x101, [640X480] bpp: 8 pitch 640 base: 0xe0000000
[boot1.cpp][line:76][find_vesa_mode] vesa mode: attr[0x1f] 0x102, [800X600] bpp: 4 pitch 100 base: 0xe0000000
[boot1.cpp][line:76][find_vesa_mode] vesa mode: attr[0x9b] 0x103, [800X600] bpp: 8 pitch 800 base: 0xe0000000
[boot1.cpp][line:76][find_vesa_mode] vesa mode: attr[0x1f] 0x104, [1024X768] bpp: 4 pitch 128 base: 0xe0000000
[boot1.cpp][line:76][find_vesa_mode] vesa mode: attr[0x9b] 0x105, [1024X768] bpp: 8 pitch 1024 base: 0xe0000000
[boot1.cpp][line:76][find_vesa_mode] vesa mode: attr[0x1f] 0x106, [1280X1024] bpp: 4 pitch 160 base: 0xe0000000
[boot1.cpp][line:76][find_vesa_mode] vesa mode: attr[0x9b] 0x107, [1280X1024] bpp: 8 pitch 1280 base: 0xe0000000
[boot1.cpp][line:76][find_vesa_mode] vesa mode: attr[0x9b] 0x10d, [320X200] bpp: 15 pitch 640 base: 0xe0000000
[boot1.cpp][line:76][find_vesa_mode] vesa mode: attr[0x9b] 0x10e, [320X200] bpp: 16 pitch 640 base: 0xe0000000
[boot1.cpp][line:76][find_vesa_mode] vesa mode: attr[0x9b] 0x10f, [320X200] bpp: 24 pitch 960 base: 0xe0000000
[boot1.cpp][line:76][find_vesa_mode] vesa mode: attr[0x9b] 0x110, [640X480] bpp: 15 pitch 1280 base: 0xe0000000
[boot1.cpp][line:76][find_vesa_mode] vesa mode: attr[0x9b] 0x111, [640X480] bpp: 16 pitch 1280 base: 0xe0000000
[boot1.cpp][line:76][find_vesa_mode] vesa mode: attr[0x9b] 0x112, [640X480] bpp: 24 pitch 1920 base: 0xe0000000
[boot1.cpp][line:76][find_vesa_mode] vesa mode: attr[0x9b] 0x113, [800X600] bpp: 15 pitch 1600 base: 0xe0000000
[boot1.cpp][line:76][find_vesa_mode] vesa mode: attr[0x9b] 0x114, [800X600] bpp: 16 pitch 1600 base: 0xe0000000
[boot1.cpp][line:76][find_vesa_mode] vesa mode: attr[0x9b] 0x115, [800X600] bpp: 24 pitch 2400 base: 0xe0000000
[boot1.cpp][line:76][find_vesa_mode] vesa mode: attr[0x9b] 0x116, [1024X768] bpp: 15 pitch 2048 base: 0xe0000000
[boot1.cpp][line:76][find_vesa_mode] vesa mode: attr[0x9b] 0x117, [1024X768] bpp: 16 pitch 2048 base: 0xe0000000
[boot1.cpp][line:76][find_vesa_mode] vesa mode: attr[0x9b] 0x118, [1024X768] bpp: 24 pitch 3072 base: 0xe0000000
[boot1.cpp][line:76][find_vesa_mode] vesa mode: attr[0x9b] 0x119, [1280X1024] bpp: 15 pitch 2560 base: 0xe0000000
[boot1.cpp][line:76][find_vesa_mode] vesa mode: attr[0x9b] 0x11a, [1280X1024] bpp: 16 pitch 2560 base: 0xe0000000
[boot1.cpp][line:76][find_vesa_mode] vesa mode: attr[0x9b] 0x11b, [1280X1024] bpp: 24 pitch 3840 base: 0xe0000000
[boot1.cpp][line:76][find_vesa_mode] vesa mode: attr[0x9b] 0x140, [320X200] bpp: 32 pitch 1280 base: 0xe0000000
[boot1.cpp][line:76][find_vesa_mode] vesa mode: attr[0x9b] 0x141, [640X400] bpp: 32 pitch 2560 base: 0xe0000000
[boot1.cpp][line:76][find_vesa_mode] vesa mode: attr[0x9b] 0x142, [640X480] bpp: 32 pitch 2560 base: 0xe0000000
[boot1.cpp][line:76][find_vesa_mode] vesa mode: attr[0x9b] 0x143, [800X600] bpp: 32 pitch 3200 base: 0xe0000000
[boot1.cpp][line:95][find_vesa_mode] selected mode: 0x143
[boot1.cpp][line:47][find_vesa_mode]  <--
[boot1.cpp][line:149][drive_info] drive: 0x80, bioff: 0x7d06, biseg: 0x0
[boot1.cpp][line:154][drive_info] sz: 0x1a
[boot1.cpp][line:155][drive_info] cylinders: 0x339
[boot1.cpp][line:156][drive_info] heads: 0x10
[boot1.cpp][line:157][drive_info] sectors: 0x1f
[boot1.cpp][line:158][drive_info] total sectors1: 0x64000
[boot1.cpp][line:159][drive_info] total sectors2: 0x0
[boot1.cpp][line:160][drive_info] sect_sz: 0x200
[boot1.cpp][line:161][drive_info] dpte_off: 0x0
[boot1.cpp][line:162][drive_info] dpte_seg: 0x0
[boot1.cpp][line:166][drive_info] Invalid path info for boot dev: sig[0x0] path_sz[0x0]
[boot1.cpp][line:177][load_stage2]  -->
[boot1.cpp][line:187][load_stage2] Will read disk to: 0x17e00, lba: 0xee, cnt: 318, drive: 0x80
[boot1.cpp][line:195][load_stage2] read block: cnt: 128 lba: 238 off: 0x7e00 seg 0x1000
[boot1.cpp][line:195][load_stage2] read block: cnt: 128 lba: 366 off: 0x7e00 seg 0x2000
[boot1.cpp][line:195][load_stage2] read block: cnt: 62 lba: 494 off: 0x7e00 seg 0x3000
[boot1.cpp][line:209][load_stage2] Will init gdt
[boot1.cpp][line:227][load_stage2] code selector: limit: 0xfffff, base: 0x0, access: 0x9a, gr: 1, sz: 1
[boot1.cpp][line:240][load_stage2] data selector: limit: 0xfffff, base: 0x0, access: 0x92, gr: 1, sz: 1
[boot1.cpp][line:244][load_stage2] dump gdt: 0x7c00
[boot1.cpp][line:246][load_stage2] 00000000'00000000'00000000'00000000
[boot1.cpp][line:246][load_stage2] 00000000'00000000'00000000'00000000
[boot1.cpp][line:246][load_stage2] 00000000'00000000'11111111'11111111
[boot1.cpp][line:246][load_stage2] 00000000'11001111'10011010'00000000
[boot1.cpp][line:246][load_stage2] 00000000'00000000'11111111'11111111
[boot1.cpp][line:246][load_stage2] 00000000'11001111'10010010'00000000
[boot1.cpp][line:251][load_stage2] gdt addr: 0x7c00, gdt size 23
[boot1.cpp][line:252][load_stage2] desc addr: 0x7d00
[boot1.cpp][line:264][load_stage2] code sel: 0x8, data sel 0x10
[boot1.cpp][line:265][load_stage2] &load_prot_mode: 0xb2af
======== Will enter protected mode ========
boot2-addr: 0x192b2
entry-addr: 0x17e00
eax: 0x11
ebx: 0x8
ecx: 0x10
edx: 0x0
edi: 0x17e00
esi: 0xb493
ebp: 0x17dfc
esp: 0x17de4
cr0: 0x11
cr2: 0x0
cr3: 0x0
cr4: 0x0
========= Entering protected mode =========
[boot2.cpp][line:96][boot2]  -->
[boot2.cpp][line:98][boot2] we check own crc as fast as we can
[boot2.cpp][line:104][boot2] crc ok
[boot2.cpp][line:107][boot2] we initialize mem managment
[stage_2/brk_alloc.cpp][line:8][brk_alloc_init]  -->
[stage_2/brk_alloc.cpp][line:9][brk_alloc_init] start: 0x100000 : end 0xf00000
[stage_2/brk_alloc.cpp][line:8][brk_alloc_init]  <--
[boot2.cpp][line:121][boot2] initialize vesa print, from now on we will print on screeen
[../common/vesa/vesa_putchar.cpp][line:52][init] Init vesa: WxH: 800x600, bpp 32, pitch: 3200
[boot2.cpp][line:125][boot2] 0x17e00 < 0x25010 < 0x3fa00
[boot2.cpp][line:128][boot2] initialize device manager
[boot2.cpp][line:135][boot2] initialize pci and start reading
[../common/pci/pci.cpp][line:80][scan_buses] Found dev:
[../common/pci/pci.cpp][line:57][dbg_print_addr_reg] bus: 0x0 dev: 0x0 fn: 0x0 off: 0x0 
[../common/pci/pci.cpp][line:48][dbg_print_hdr] helper string: Bridge Device | Host Bridge 
[../common/pci/pci.cpp][line:49][dbg_print_hdr] vendor_id: 0x8086 device_id: 0x1237
[../common/pci/pci.cpp][line:50][dbg_print_hdr] command: 00000000'00000000'00000000'00000000 status: 00000000'00000000'00000000'00000000
[../common/pci/pci.cpp][line:51][dbg_print_hdr] rev_id: 0x2 prog_if: 0x0 subclass: 0x0 class_code: 0x6
[../common/pci/pci.cpp][line:53][dbg_print_hdr] hdr_type: 0x0
[../common/pci/pci.cpp][line:99][scan_buses] Couldn't find driver for device
[../common/pci/pci.cpp][line:80][scan_buses] Found dev:
[../common/pci/pci.cpp][line:57][dbg_print_addr_reg] bus: 0x0 dev: 0x1 fn: 0x0 off: 0x0 
[../common/pci/pci.cpp][line:48][dbg_print_hdr] helper string: Bridge Device | ISA Bridge 
[../common/pci/pci.cpp][line:49][dbg_print_hdr] vendor_id: 0x8086 device_id: 0x7000
[../common/pci/pci.cpp][line:50][dbg_print_hdr] command: 00000000'00000000'00000000'00000111 status: 00000000'00000000'00000010'00000000
[../common/pci/pci.cpp][line:51][dbg_print_hdr] rev_id: 0x0 prog_if: 0x0 subclass: 0x1 class_code: 0x6
[../common/pci/pci.cpp][line:53][dbg_print_hdr] hdr_type: 0x80
[../common/pci/pci.cpp][line:99][scan_buses] Couldn't find driver for device
[../common/pci/pci.cpp][line:80][scan_buses] Found dev:
[../common/pci/pci.cpp][line:57][dbg_print_addr_reg] bus: 0x0 dev: 0x2 fn: 0x0 off: 0x0 
[../common/pci/pci.cpp][line:48][dbg_print_hdr] helper string: Display Controller | VGA Compatible Controller 
[../common/pci/pci.cpp][line:49][dbg_print_hdr] vendor_id: 0x80ee device_id: 0xbeef
[../common/pci/pci.cpp][line:50][dbg_print_hdr] command: 00000000'00000000'00000000'00000011 status: 00000000'00000000'00000000'00000000
[../common/pci/pci.cpp][line:51][dbg_print_hdr] rev_id: 0x0 prog_if: 0x0 subclass: 0x0 class_code: 0x3
[../common/pci/pci.cpp][line:53][dbg_print_hdr] hdr_type: 0x0
[../common/pci/pci.cpp][line:99][scan_buses] Couldn't find driver for device
[../common/pci/pci.cpp][line:80][scan_buses] Found dev:
[../common/pci/pci.cpp][line:57][dbg_print_addr_reg] bus: 0x0 dev: 0x4 fn: 0x0 off: 0x0 
[../common/pci/pci.cpp][line:48][dbg_print_hdr] helper string: Base System Peripheral | Other
[../common/pci/pci.cpp][line:49][dbg_print_hdr] vendor_id: 0x80ee device_id: 0xcafe
[../common/pci/pci.cpp][line:50][dbg_print_hdr] command: 00000000'00000000'00000000'00000011 status: 00000000'00000000'00000000'00000000
[../common/pci/pci.cpp][line:51][dbg_print_hdr] rev_id: 0x0 prog_if: 0x0 subclass: 0x80 class_code: 0x8
[../common/pci/pci.cpp][line:53][dbg_print_hdr] hdr_type: 0x0
[../common/pci/pci.cpp][line:99][scan_buses] Couldn't find driver for device
[../common/pci/pci.cpp][line:80][scan_buses] Found dev:
[../common/pci/pci.cpp][line:57][dbg_print_addr_reg] bus: 0x0 dev: 0x5 fn: 0x0 off: 0x0 
[../common/pci/pci.cpp][line:48][dbg_print_hdr] helper string: Multimedia Controller | Multimedia Audio Controller 
[../common/pci/pci.cpp][line:49][dbg_print_hdr] vendor_id: 0x8086 device_id: 0x2415
[../common/pci/pci.cpp][line:50][dbg_print_hdr] command: 00000000'00000000'00000000'00000001 status: 00000000'00000000'00000010'10000000
[../common/pci/pci.cpp][line:51][dbg_print_hdr] rev_id: 0x1 prog_if: 0x0 subclass: 0x1 class_code: 0x4
[../common/pci/pci.cpp][line:53][dbg_print_hdr] hdr_type: 0x0
[../common/pci/pci.cpp][line:99][scan_buses] Couldn't find driver for device
[../common/pci/pci.cpp][line:80][scan_buses] Found dev:
[../common/pci/pci.cpp][line:57][dbg_print_addr_reg] bus: 0x0 dev: 0x7 fn: 0x0 off: 0x0 
[../common/pci/pci.cpp][line:48][dbg_print_hdr] helper string: Bridge Device | Other
[../common/pci/pci.cpp][line:49][dbg_print_hdr] vendor_id: 0x8086 device_id: 0x7113
[../common/pci/pci.cpp][line:50][dbg_print_hdr] command: 00000000'00000000'00000000'00000001 status: 00000000'00000000'00000010'10000000
[../common/pci/pci.cpp][line:51][dbg_print_hdr] rev_id: 0x8 prog_if: 0x0 subclass: 0x80 class_code: 0x6
[../common/pci/pci.cpp][line:53][dbg_print_hdr] hdr_type: 0x80
[../common/pci/pci.cpp][line:99][scan_buses] Couldn't find driver for device
[../common/pci/pci.cpp][line:80][scan_buses] Found dev:
[../common/pci/pci.cpp][line:57][dbg_print_addr_reg] bus: 0x0 dev: 0xd fn: 0x0 off: 0x0 
[../common/pci/pci.cpp][line:48][dbg_print_hdr] helper string: Mass Storage Controller | Serial ATA 
[../common/pci/pci.cpp][line:49][dbg_print_hdr] vendor_id: 0x8086 device_id: 0x2829
[../common/pci/pci.cpp][line:50][dbg_print_hdr] command: 00000000'00000000'00000000'00000111 status: 00000000'00000000'00000000'00010000
[../common/pci/pci.cpp][line:51][dbg_print_hdr] rev_id: 0x2 prog_if: 0x1 subclass: 0x6 class_code: 0x1
[../common/pci/pci.cpp][line:53][dbg_print_hdr] hdr_type: 0x0
[../common/pci/drivers/ata_driver.cpp][line:94][pci_init] Will try to init ata device: 0 13 0
[../common/pci/drivers/ata_driver.cpp][line:38][init] bar0: 0xd241
[../common/pci/drivers/ata_driver.cpp][line:38][init] bar1: 0xd249
[../common/pci/drivers/ata_driver.cpp][line:38][init] bar2: 0xd251
[../common/pci/drivers/ata_driver.cpp][line:38][init] bar3: 0xd259
[../common/pci/drivers/ata_driver.cpp][line:38][init] bar4: 0xd261
[../common/pci/drivers/ata_driver.cpp][line:38][init] bar5: 0xf0404000
[../common/pci/drivers/ata_driver.cpp][line:101][pci_init] Failed to init new device
[../common/pci/pci.cpp][line:115][scan_buses] Couldn't init driver for pci device
[../common/pci/drivers/ata_driver.cpp][line:328][sendIdentify] drive does not exist: 0
[stage_2/boot_reader.h][line:65][init] Identify Failed
[boot2.cpp][line:144][boot2] can't init boot driver
[boot2.cpp][line:96][boot2]  <--
