Log created: 2020-09-30T22:58:48.604678000Z
Executable: /usr/lib/virtualbox/VirtualBox
Arg[0]: /usr/lib/virtualbox/VirtualBox
Arg[1]: --startvm
Arg[2]: boot_test8
Arg[3]: -E
Arg[4]: VBOX_GUI_DBG_ENABLED=true
Arg[5]: --dbg
fatal error in recompiler cpu: Trying to execute code with memory type addr_code=00000000ec10c020 addend=00007f2544549000 at 00000000ec10c04d. (iHandlerMemType=0x38 iMMIOMemType=0x30)

!!!!!!!!!!!!!!!!!!!!!!!!!!!!!!!!!!!!!!!!!!!!!!!!!!!!!!!!!!!!!!!!!!!!!!
!!
!!         VCPU0: Guru Meditation -2301 (VERR_REM_VIRTUAL_CPU_ERROR)
!!
!!
!! {mappings, <NULL>}
!!

The mappings are DISABLED.
00000000ff800000 - 00000000ffbfffff  Hypervisor Memory Area
!!
!! {hma, <NULL>}
!!
Hypervisor Memory Area (HMA) Layout: Base 00000000ff800000, 0x00400000 bytes
00000000ffa82000-00000000ffa83000                                   DYNAMIC                  fence
00000000ffa72000-00000000ffa82000                                   DYNAMIC                  Dynamic mapping
00000000ffa71000-00000000ffa72000                                   DYNAMIC                  fence
00000000ffa61000-00000000ffa71000 00007f2633543000 00007f2633543000 LOCKED                   alloc once (PDM_DEVICE_USER)
00000000ff9e1000-00000000ffa61000                                   MMIO2   0000000000000000 VGA VRam
00000000ff9e0000-00000000ff9e1000                                   DYNAMIC                  fence
00000000ff9cc000-00000000ff9e0000 00007f26330f8000 00007f26330f8000 LOCKED                   alloc once (PDM_DEVICE)
00000000ff9cb000-00000000ff9cc000                                   DYNAMIC                  fence
00000000ff9ca000-00000000ff9cb000 00007f2668002000 ffffc90000bbd000 HCPHYS  000000009a6e8000 Core Code
00000000ff9c9000-00000000ff9ca000                                   DYNAMIC                  fence
00000000ff9c8000-00000000ff9c9000 00007f268ccfc000 0000000000000000 HCPHYS  000000009bb75000 GIP
00000000ff9c7000-00000000ff9c8000                                   DYNAMIC                  fence
00000000ff946000-00000000ff9c7000 00007f26335d4000 00007f26335d4000 LOCKED                   alloc once (PGM_PHYS)
00000000ff945000-00000000ff946000                                   DYNAMIC                  fence
00000000ff931000-00000000ff945000 00007f264e485000 00007f264e485000 LOCKED                   alloc once (PGM_POOL)
00000000ff930000-00000000ff931000                                   DYNAMIC                  fence
00000000ff92b000-00000000ff930000                                   DYNAMIC                  CR3 mapping
00000000ff92a000-00000000ff92b000                                   DYNAMIC                  fence
00000000ff929000-00000000ff92a000 00007f2668003000 ffffc90000ffa000 LOCKED                   alloc once (CPUM_CTX)
00000000ff928000-00000000ff929000                                   DYNAMIC                  fence
00000000ff828000-00000000ff928000 00007f2632561000 00007f2632561000 LOCKED                   Heap
00000000ff827000-00000000ff828000                                   DYNAMIC                  fence
00000000ff801000-00000000ff827000 00007f26338f5000 ffffc90000f95000 LOCKED                   VM
00000000ff800000-00000000ff801000                                   DYNAMIC                  fence
!!
!! {cpumguest, verbose}
!!
Guest CPUM (VCPU 0) state: 
eax=00000100 ebx=00007256 ecx=ffffffff edx=00000005 esi=00000002 edi=00000000
eip=ec10c04d esp=ffffffd8 ebp=000071db iopl=0      rf nv up di pl zr na pe nc
cs={0008 base=0000000000000000 limit=ffffffff flags=0000c09b} dr0=00000000 dr1=00000000
ds={0010 base=0000000000000000 limit=ffffffff flags=0000c093} dr2=00000000 dr3=00000000
es={0010 base=0000000000000000 limit=ffffffff flags=0000c093} dr4=00000000 dr5=00000000
fs={0010 base=0000000000000000 limit=ffffffff flags=0000c093} dr6=ffff0ff0 dr7=00000400
gs={0010 base=0000000000000000 limit=ffffffff flags=0000c093} cr0=00000011 cr2=00000000
ss={0010 base=0000000000000000 limit=ffffffff flags=0000c093} cr3=00000000 cr4=00000000
gdtr=0000000000007c00:0017  idtr=0000000000000000:ffff  eflags=00010002
ldtr={0000 base=00000000 limit=0000ffff flags=00000082}
tr  ={0000 base=00000000 limit=0000ffff flags=0000008b}
SysEnter={cs=0000 eip=00000000 esp=00000000}
xcr=0000000000000001 xcr1=0000000000000000 xss=0000000000000000 (fXStateMask=0000000000000000)
FCW=037f FSW=0041 FTW=0001 FOP=0000 MXCSR=00001f80 MXCSR_MASK=0000ffff
FPUIP=00027e3b CS=0000 Rsrvd1=0000  FPUDP=00000000 DS=0000 Rsvrd2=0000
ST(0)=FPR0={ffff'c0000000'00000000} t1 -1.0004611686018427387904 * 2 ^ 16384 (*)
ST(1)=FPR1={0000'00000000'00000000} t0 +0.0000000000000000000000 * 2 ^ -16383 (*)
ST(2)=FPR2={0000'00000000'00000000} t0 +0.0000000000000000000000 * 2 ^ -16383 (*)
ST(3)=FPR3={0000'00000000'00000000} t0 +0.0000000000000000000000 * 2 ^ -16383 (*)
ST(4)=FPR4={0000'00000000'00000000} t0 +0.0000000000000000000000 * 2 ^ -16383 (*)
ST(5)=FPR5={0000'00000000'00000000} t0 +0.0000000000000000000000 * 2 ^ -16383 (*)
ST(6)=FPR6={0000'00000000'00000000} t0 +0.0000000000000000000000 * 2 ^ -16383 (*)
ST(7)=FPR7={0000'00000000'00000000} t0 +0.0000000000000000000000 * 2 ^ -16383 (*)
XMM0 =00000000'00000000'00000000'00000000  XMM1 =00000000'00000000'00000000'00000000
XMM2 =00000000'00000000'00000000'00000000  XMM3 =00000000'00000000'00000000'00000000
XMM4 =00000000'00000000'00000000'00000000  XMM5 =00000000'00000000'00000000'00000000
XMM6 =00000000'00000000'00000000'00000000  XMM7 =00000000'00000000'00000000'00000000
XMM8 =00000000'00000000'00000000'00000000  XMM9 =00000000'00000000'00000000'00000000
XMM10=00000000'00000000'00000000'00000000  XMM11=00000000'00000000'00000000'00000000
XMM12=00000000'00000000'00000000'00000000  XMM13=00000000'00000000'00000000'00000000
XMM14=00000000'00000000'00000000'00000000  XMM15=00000000'00000000'00000000'00000000
EFER         =0000000000000000
PAT          =0007040600070406
STAR         =0000000000000000
CSTAR        =0000000000000000
LSTAR        =0000000000000000
SFMASK       =0000000000000000
KERNELGSBASE =0000000000000000
!!
!! {cpumguestinstr, verbose}
!!

CPUM: Disas -> VERR_PGM_INVALID_GC_PHYSICAL_ADDRESS


!!
!! {cpumhyper, verbose}
!!
Hypervisor CPUM state: 
.eax=00000000 .ebx=00000000 .ecx=00000000 .edx=00000000 .esi=00000000 .edi=00000000
.eip=00000000 .esp=ff926000 .ebp=00000000 .iopl=0           nv up di pl zr na pe nc
.cs={0000 base=0000000000000000 limit=00000000 flags=00000000} .dr0=00000000 .dr1=00000000
.ds={0000 base=0000000000000000 limit=00000000 flags=00000000} .dr2=00000000 .dr3=00000000
.es={0000 base=0000000000000000 limit=00000000 flags=00000000} .dr4=00000000 .dr5=00000000
.fs={0000 base=0000000000000000 limit=00000000 flags=00000000} .dr6=00000000 .dr7=00000400
.gs={0000 base=0000000000000000 limit=00000000 flags=00000000} .cr0=00000000 .cr2=00000000
.ss={0000 base=0000000000000000 limit=00000000 flags=00000000} .cr3=00000000 .cr4=00000000
.gdtr=0000000000000000:0000  .idtr=0000000000000000:0000  .eflags=00000000
.ldtr={0000 base=00000000 limit=00000000 flags=00000000}
.tr  ={0000 base=00000000 limit=00000000 flags=00000000}
.SysEnter={cs=0000 eip=00000000 esp=00000000}
.xcr=0000000000000000 .xcr1=0000000000000000 .xss=0000000000000000 (fXStateMask=0000000000000000)
.FCW=0000 .FSW=0000 .FTW=0000 .FOP=0000 .MXCSR=00000000 .MXCSR_MASK=00000000
.FPUIP=00000000 .CS=0000 .Rsrvd1=0000  .FPUDP=00000000 .DS=0000 .Rsvrd2=0000
.ST(0)=.FPR0={0000'00000000'00000000} t0 +0.0000000000000000000000 * 2 ^ -16383 (*)
.ST(1)=.FPR1={0000'00000000'00000000} t0 +0.0000000000000000000000 * 2 ^ -16383 (*)
.ST(2)=.FPR2={0000'00000000'00000000} t0 +0.0000000000000000000000 * 2 ^ -16383 (*)
.ST(3)=.FPR3={0000'00000000'00000000} t0 +0.0000000000000000000000 * 2 ^ -16383 (*)
.ST(4)=.FPR4={0000'00000000'00000000} t0 +0.0000000000000000000000 * 2 ^ -16383 (*)
.ST(5)=.FPR5={0000'00000000'00000000} t0 +0.0000000000000000000000 * 2 ^ -16383 (*)
.ST(6)=.FPR6={0000'00000000'00000000} t0 +0.0000000000000000000000 * 2 ^ -16383 (*)
.ST(7)=.FPR7={0000'00000000'00000000} t0 +0.0000000000000000000000 * 2 ^ -16383 (*)
.XMM0 =00000000'00000000'00000000'00000000  .XMM1 =00000000'00000000'00000000'00000000
.XMM2 =00000000'00000000'00000000'00000000  .XMM3 =00000000'00000000'00000000'00000000
.XMM4 =00000000'00000000'00000000'00000000  .XMM5 =00000000'00000000'00000000'00000000
.XMM6 =00000000'00000000'00000000'00000000  .XMM7 =00000000'00000000'00000000'00000000
.XMM8 =00000000'00000000'00000000'00000000  .XMM9 =00000000'00000000'00000000'00000000
.XMM10=00000000'00000000'00000000'00000000  .XMM11=00000000'00000000'00000000'00000000
.XMM12=00000000'00000000'00000000'00000000  .XMM13=00000000'00000000'00000000'00000000
.XMM14=00000000'00000000'00000000'00000000  .XMM15=00000000'00000000'00000000'00000000
.EFER         =0000000000000000
.PAT          =0000000000000000
.STAR         =0000000000000000
.CSTAR        =0000000000000000
.LSTAR        =0000000000000000
.SFMASK       =0000000000000000
.KERNELGSBASE =0000000000000000
CR4OrMask=0x204 CR4AndMask=0x403
!!
!! {cpumhost, verbose}
!!
Host CPUM state: 
rax=xxxxxxxxxxxxxxxx rbx=0000000000000000 rcx=xxxxxxxxxxxxxxxx
rdx=xxxxxxxxxxxxxxxx rsi=0000000000000000 rdi=0000000000000000
rip=xxxxxxxxxxxxxxxx rsp=0000000000000000 rbp=0000000000000000
 r8=xxxxxxxxxxxxxxxx  r9=xxxxxxxxxxxxxxxx r10=0000000000000000
r11=0000000000000000 r12=0000000000000000 r13=0000000000000000
r14=0000000000000000 r15=0000000000000000
iopl=0          nv up di pl zr na pe nc
cs=0000  ds=0000  es=0000  fs=0000  gs=0000                   eflags=00000000
cr0=0000000000000000 cr2=xxxxxxxxxxxxxxxx cr3=0000000000000000
cr4=0000000000000000 ldtr=0000 tr=0000
dr[0]=0000000000000000 dr[1]=0000000000000000 dr[2]=0000000000000000
dr[3]=0000000000000000 dr[6]=0000000000000000 dr[7]=0000000000000000
gdtr=0000000000000000:0000  idtr=0000000000000000:0000
SysEnter={cs=0000 eip=00000000 esp=00000000}
FSbase=0000000000000000 GSbase=0000000000000000 efer=00000000
!!
!! {mode, all}
!!
Guest paging mode (VCPU #0):  Protected (changed 6 times), A20 enabled (changed 2 times)
Shadow paging mode (VCPU #0): EPT
Host paging mode:              AMD64+NX
!!
!! {cpuid, verbose}
!!
         Raw Standard CPUID Leaves
     Leaf/sub-leaf  eax      ebx      ecx      edx
Gst: 00000000/0000  00000016 756e6547 6c65746e 49656e69
Hst:                00000016 756e6547 6c65746e 49656e69
Gst: 00000001/0000  000406e3 00000800 56da220b 078bfbff
Hst:                000406e3 02100800 7ffafbbf bfebfbff
Gst: 00000002/0000  76036301 00f0b5ff 00000000 00c30000
Hst:                76036301 00f0b5ff 00000000 00c30000
Gst: 00000003/0000  00000000 00000000 00000000 00000000
Hst:                00000000 00000000 00000000 00000000
Gst: 00000004/0000  00000121 01c0003f 0000003f 00000000
Hst:                1c004121 01c0003f 0000003f 00000000
Gst: 00000004/0001  00000122 01c0003f 0000003f 00000000
Hst:                1c004122 01c0003f 0000003f 00000000
Gst: 00000004/0002  00000143 00c0003f 000003ff 00000000
Hst:                1c004143 00c0003f 000003ff 00000000
Gst: 00000004/0003  00000163 02c0003f 00000fff 00000006
Hst:                1c03c163 02c0003f 00000fff 00000006
Gst: 00000004/0004  00000000 00000000 00000000 00000000
Hst:                00000000 00000000 00000000 00000000
Gst: 00000005/0000  00000040 00000040 00000000 00000000
Hst:                00000040 00000040 00000003 11142120
Gst: 00000006/0000  00000000 00000000 00000000 00000000
Hst:                000027f7 00000002 00000009 00000000
Gst: 00000007/0000  00000000 00842401 00000000 00000000
Hst:                00000000 029c67af 00000000 9c002400
Gst: 00000007/0001  00000000 00000000 00000000 00000000
Hst:                00000000 00000000 00000000 00000000
Gst: 00000008/0000  00000000 00000000 00000000 00000000
Hst:                00000000 00000000 00000000 00000000
Gst: 00000009/0000  00000000 00000000 00000000 00000000
Hst:                00000000 00000000 00000000 00000000
Gst: 0000000a/0000  00000000 00000000 00000000 00000000
Hst:                07300404 00000000 00000000 00000603
Gst: 0000000b/0000  00000000 00000001 00000100 00000000
Hst:                00000001 00000002 00000100 00000002
Gst: 0000000b/0001  00000001 00000001 00000201 00000000
Hst:                00000004 00000004 00000201 00000002
Gst: 0000000b/0002  00000000 00000000 00000002 00000000
Hst:                00000000 00000000 00000002 00000002
Gst: 0000000c/0000  00000000 00000000 00000000 00000000
Hst:                00000000 00000000 00000000 00000000
Gst: 0000000d/0000  00000007 00000440 00000440 00000000
Hst:                0000001f 00000440 00000440 00000000
Gst: 0000000d/0001  00000000 000003c0 00000000 00000000
Hst:                0000000f 000003c0 00000100 00000000
Gst: 0000000d/0002  00000100 00000240 00000000 00000000
Hst:                00000100 00000240 00000000 00000000
Gst: 0000000d/0003  00000000 00000000 00000000 00000000
Hst:                00000040 000003c0 00000000 00000000
Gst: 0000000d/0004  00000000 00000000 00000000 00000000
Hst:                00000040 00000400 00000000 00000000
Gst: 0000000d/0005  00000000 00000000 00000000 00000000
Hst:                00000000 00000000 00000000 00000000
Gst: 0000000d/0006  00000000 00000000 00000000 00000000
Hst:                00000000 00000000 00000000 00000000
Gst: 0000000d/0007  00000000 00000000 00000000 00000000
Hst:                00000000 00000000 00000000 00000000
Gst: 0000000d/0008  00000000 00000000 00000000 00000000
Hst:                00000080 00000000 00000001 00000000
Gst: 0000000d/0009  00000000 00000000 00000000 00000000
Hst:                00000000 00000000 00000000 00000000
Gst: 0000000e/0000  00000000 00000000 00000000 00000000
Hst:                00000000 00000000 00000000 00000000
Gst: 0000000f/0000  00000000 00000000 00000000 00000000
Hst:                00000000 00000000 00000000 00000000
Gst: 00000010/0000  00000000 00000000 00000000 00000000
Hst:                00000000 00000000 00000000 00000000
Gst: 00000011/0000  00000000 00000000 00000000 00000000
Hst:                00000000 00000000 00000000 00000000
Gst: 00000012/0000  00000000 00000000 00000000 00000000
Hst:                00000000 00000000 00000000 00000000
Gst: 00000013/0000  00000000 00000000 00000000 00000000
Hst:                00000000 00000000 00000000 00000000
Gst: 00000014/0000  00000000 00000000 00000000 00000000
Hst:                00000001 0000000f 00000007 00000000
Hst: 00000015/0000  00000002 000000c8 00000000 00000000
Hst: 00000016/0000  00000960 00000af0 00000064 00000000
                               Name: GenuineIntel
                           Supports: 0x00000000-0x00000016
                             Family:  6 	Extended: 0 	Effective: 6
                              Model: 14 	Extended: 4 	Effective: 78
                           Stepping: 3
                               Type: 0 (primary)
                            APIC ID: 0x00
                       Logical CPUs: 0
                       CLFLUSH Size: 8
                           Brand ID: 0x00
Features
  Mnemonic - Description                                  = guest (host)
  FPU - x87 FPU on Chip                                   = 1 (1)
  VME - Virtual 8086 Mode Enhancements                    = 1 (1)
  DE - Debugging extensions                               = 1 (1)
  PSE - Page Size Extension                               = 1 (1)
  TSC - Time Stamp Counter                                = 1 (1)
  MSR - Model Specific Registers                          = 1 (1)
  PAE - Physical Address Extension                        = 1 (1)
  MCE - Machine Check Exception                           = 1 (1)
  CX8 - CMPXCHG8B instruction                             = 1 (1)
  APIC - APIC On-Chip                                     = 1 (1)
  SEP - SYSENTER and SYSEXIT Present                      = 1 (1)
  MTRR - Memory Type Range Registers                      = 1 (1)
  PGE - PTE Global Bit                                    = 1 (1)
  MCA - Machine Check Architecture                        = 1 (1)
  CMOV - Conditional Move instructions                    = 1 (1)
  PAT - Page Attribute Table                              = 1 (1)
  PSE-36 - 36-bit Page Size Extension                     = 1 (1)
  PSN - Processor Serial Number                           = 0 (0)
  CLFSH - CLFLUSH instruction                             = 1 (1)
  DS - Debug Store                                        = 0 (1)
  ACPI - Thermal Mon. & Soft. Clock Ctrl.                 = 0 (1)
  MMX - Intel MMX Technology                              = 1 (1)
  FXSR - FXSAVE and FXRSTOR instructions                  = 1 (1)
  SSE - SSE support                                       = 1 (1)
  SSE2 - SSE2 support                                     = 1 (1)
  SS - Self Snoop                                         = 0 (1)
  HTT - Hyper-Threading Technology                        = 0 (1)
  TM - Therm. Monitor                                     = 0 (1)
  PBE - Pending Break Enabled                             = 0 (1)
  SSE3 - SSE3 support                                     = 1 (1)
  PCLMUL - PCLMULQDQ support (for AES-GCM)                = 1 (1)
  DTES64 - DS Area 64-bit Layout                          = 0 (1)
  MONITOR - MONITOR/MWAIT instructions                    = 1 (1)
  CPL-DS - CPL Qualified Debug Store                      = 0 (1)
  VMX - Virtual Machine Extensions                        = 0 (1)
  SMX - Safer Mode Extensions                             = 0 (0)
  EST - Enhanced SpeedStep Technology                     = 0 (1)
  TM2 - Terminal Monitor 2                                = 0 (1)
  SSSE3 - Supplemental Streaming SIMD Extensions 3        = 1 (1)
  CNTX-ID - L1 Context ID                                 = 0 (0)
  SDBG - Silicon Debug interface                          = 0 (1)
  FMA - Fused Multiply Add extensions                     = 0 (1)
  CX16 - CMPXCHG16B instruction                           = 1 (1)
  TPRUPDATE - xTPR Update Control                         = 0 (1)
  PDCM - Perf/Debug Capability MSR                        = 0 (1)
  PCID - Process Context Identifiers                      = 1 (1)
  DCA - Direct Cache Access                               = 0 (0)
  SSE4_1 - SSE4_1 support                                 = 1 (1)
  SSE4_2 - SSE4_2 support                                 = 1 (1)
  X2APIC - x2APIC support                                 = 0 (1)
  MOVBE - MOVBE instruction                               = 1 (1)
  POPCNT - POPCNT instruction                             = 1 (1)
  TSCDEADL - Time Stamp Counter Deadline                  = 0 (1)
  AES - AES instructions                                  = 1 (1)
  XSAVE - XSAVE instruction                               = 1 (1)
  OSXSAVE - OSXSAVE instruction                           = 0 (1)
  AVX - AVX support                                       = 1 (1)
  F16C - 16-bit floating point conversion instructions    = 0 (1)
  RDRAND - RDRAND instruction                             = 1 (1)
  HVP - Hypervisor Present (we're a guest)                = 0 (0)
Structured Extended Feature Flags Enumeration (leaf 7):
  Mnemonic - Description                                  = guest (host)
  FSGSBASE - RDFSBASE/RDGSBASE/WRFSBASE/WRGSBASE instr.   = 1 (1)
  TSCADJUST - Supports MSR_IA32_TSC_ADJUST                = 0 (1)
  SGX - Supports Software Guard Extensions                = 0 (1)
  BMI1 - Advanced Bit Manipulation extension 1            = 0 (1)
  HLE - Hardware Lock Elision                             = 0 (0)
  AVX2 - Advanced Vector Extensions 2                     = 0 (1)
  FDP_EXCPTN_ONLY - FPU DP only updated on exceptions     = 0 (0)
  SMEP - Supervisor Mode Execution Prevention             = 0 (1)
  BMI2 - Advanced Bit Manipulation extension 2            = 0 (1)
  ERMS - Enhanced REP MOVSB/STOSB instructions            = 0 (1)
  INVPCID - INVPCID instruction                           = 1 (1)
  RTM - Restricted Transactional Memory                   = 0 (0)
  PQM - Platform Quality of Service Monitoring            = 0 (0)
  DEPFPU_CS_DS - Deprecates FPU CS, FPU DS values if set  = 1 (1)
  MPE - Intel Memory Protection Extensions                = 0 (1)
  PQE - Platform Quality of Service Enforcement           = 0 (0)
  AVX512F - AVX512 Foundation instructions                = 0 (0)
  RDSEED - RDSEED instruction                             = 1 (1)
  ADX - ADCX/ADOX instructions                            = 0 (1)
  SMAP - Supervisor Mode Access Prevention                = 0 (1)
  CLFLUSHOPT - CLFLUSHOPT (Cache Line Flush) instruction  = 1 (1)
  INTEL_PT - Intel Processor Trace                        = 0 (1)
  AVX512PF - AVX512 Prefetch instructions                 = 0 (0)
  AVX512ER - AVX512 Exponential & Reciprocal instructions = 0 (0)
  AVX512CD - AVX512 Conflict Detection instructions       = 0 (0)
  SHA - Secure Hash Algorithm extensions                  = 0 (0)
  PREFETCHWT1 - PREFETCHWT1 instruction                   = 0 (0)
  UMIP - User mode insturction prevention                 = 0 (0)
  PKU - Protection Key for Usermode pages                 = 0 (0)
  OSPKE - CR4.PKU mirror                                  = 0 (0)
  MAWAU - Value used by BNDLDX & BNDSTX                   = 0x0 (0x0)
  RDPID - Read processor ID support                       = 0 (0)
  SGX_LC - Supports SGX Launch Configuration              = 0 (0)
  10 - Reserved                                           = 0 (1)
  13 - Reserved                                           = 0 (1)
  IBRS_IBPB - IA32_SPEC_CTRL.IBRS and IA32_PRED_CMD.IBPB  = 0 (1)
  STIBP - Supports IA32_SPEC_CTRL.STIBP                   = 0 (1)
  28 - Reserved                                           = 0 (1)
  ARCHCAP - Supports IA32_ARCH_CAP                        = 0 (0)
  31 - Reserved                                           = 0 (1)
Processor Extended State Enumeration (leaf 0xd):
   XSAVE area cur/max size by XCR0, guest: 0x440/0x440
    XSAVE area cur/max size by XCR0, host: 0x440/0x440
                   Valid XCR0 bits, guest: 0x00000000`00000007 ( x87 SSE YMM_Hi128 )
                    Valid XCR0 bits, host: 0x00000000`0000001f ( x87 SSE YMM_Hi128 BNDREGS BNDCSR )
                    XSAVE features, guest:
                     XSAVE features, host: XSAVEOPT XSAVEC XGETBC1 XSAVES
      XSAVE area cur size XCR0|XSS, guest: 0x3c0
       XSAVE area cur size XCR0|XSS, host: 0x3c0
               Valid IA32_XSS bits, guest: 0x00000000`00000000
                Valid IA32_XSS bits, host: 0x00000100`00000000 ( 40 )
  State #2, guest: off=0x0240, cb=0x0100 IA32_XSS-bit -- YMM_Hi128
  State #2, host:  off=0x0240, cb=0x0100 IA32_XSS-bit -- YMM_Hi128
  State #3, host:  off=0x03c0, cb=0x0040 IA32_XSS-bit -- BNDREGS
  State #4, host:  off=0x0400, cb=0x0040 IA32_XSS-bit -- BNDCSR
  State #8, host:  off=0x0000, cb=0x0080 XCR0-bit -- 8
         Unknown CPUID Leaves
     Leaf/sub-leaf  eax      ebx      ecx      edx
Gst: 00000014/0001  00000000 00000000 00000000 00000000
Hst:                02490002 003f3fff 00000000 00000000
Gst: 00000014/0002  00000000 00000000 00000000 00000000
Hst:                00000000 00000000 00000000 00000000
Gst: 00000015/0000  00000000 00000000 00000000 00000000
Hst:                00000002 000000c8 00000000 00000000
Gst: 00000016/0000  00000000 00000000 00000000 00000000
Hst:                00000960 00000af0 00000064 00000000
         Raw Extended CPUID Leaves
     Leaf/sub-leaf  eax      ebx      ecx      edx
Gst: 80000000/0000  80000008 00000000 00000000 00000000
Hst:                80000008 00000000 00000000 00000000
Gst: 80000001/0000  00000000 00000000 00000121 28100800
Hst:                00000000 00000000 00000121 2c100800
Gst: 80000002/0000  65746e49 2952286c 726f4320 4d542865
Hst:                65746e49 2952286c 726f4320 4d542865
Gst: 80000003/0000  35692029 3032362d 43205530 40205550
Hst:                35692029 3032362d 43205530 40205550
Gst: 80000004/0000  332e3220 7a484730 00000000 00000000
Hst:                332e3220 7a484730 00000000 00000000
Gst: 80000005/0000  00000000 00000000 00000000 00000000
Hst:                00000000 00000000 00000000 00000000
Gst: 80000006/0000  00000000 00000000 01006040 00000000
Hst:                00000000 00000000 01006040 00000000
Gst: 80000007/0000  00000000 00000000 00000000 00000100
Hst:                00000000 00000000 00000000 00000100
Gst: 80000008/0000  00003027 00000000 00000000 00000000
Hst:                00003027 00000000 00000000 00000000
Ext Name:                        
Ext Supports:                    0x80000000-0x80000008
Family:                          0  	Extended: 0 	Effective: 0
Model:                           0  	Extended: 0 	Effective: 0
Stepping:                        0
Brand ID:                        0x000
Ext Features
  Mnemonic - Description                                  = guest (host)
  FPU - x87 FPU on Chip                                   = 0 (0)
  VME - Virtual 8086 Mode Enhancements                    = 0 (0)
  DE - Debugging extensions                               = 0 (0)
  PSE - Page Size Extension                               = 0 (0)
  TSC - Time Stamp Counter                                = 0 (0)
  MSR - K86 Model Specific Registers                      = 0 (0)
  PAE - Physical Address Extension                        = 0 (0)
  MCE - Machine Check Exception                           = 0 (0)
  CX8 - CMPXCHG8B instruction                             = 0 (0)
  APIC - APIC On-Chip                                     = 0 (0)
  SEP - SYSCALL/SYSRET                                    = 1 (1)
  MTRR - Memory Type Range Registers                      = 0 (0)
  PGE - PTE Global Bit                                    = 0 (0)
  MCA - Machine Check Architecture                        = 0 (0)
  CMOV - Conditional Move instructions                    = 0 (0)
  PAT - Page Attribute Table                              = 0 (0)
  PSE-36 - 36-bit Page Size Extension                     = 0 (0)
  NX - No-Execute/Execute-Disable                         = 1 (1)
  AXMMX - AMD Extensions to MMX instructions              = 0 (0)
  MMX - Intel MMX Technology                              = 0 (0)
  FXSR - FXSAVE and FXRSTOR Instructions                  = 0 (0)
  FFXSR - AMD fast FXSAVE and FXRSTOR instructions        = 0 (0)
  Page1GB - 1 GB large page                               = 0 (1)
  RDTSCP - RDTSCP instruction                             = 1 (1)
  LM - AMD64 Long Mode                                    = 1 (1)
  3DNOWEXT - AMD Extensions to 3DNow                      = 0 (0)
  3DNOW - AMD 3DNow                                       = 0 (0)
  LahfSahf - LAHF/SAHF support in 64-bit mode             = 1 (1)
  CmpLegacy - Core multi-processing legacy mode           = 0 (0)
  SVM - AMD Secure Virtual Machine extensions             = 0 (0)
  EXTAPIC - AMD Extended APIC registers                   = 0 (0)
  CR8L - AMD LOCK MOV CR0 means MOV CR8                   = 0 (0)
  ABM - AMD Advanced Bit Manipulation                     = 1 (1)
  SSE4A - SSE4A instructions                              = 0 (0)
  MISALIGNSSE - AMD Misaligned SSE mode                   = 0 (0)
  3DNOWPRF - AMD PREFETCH and PREFETCHW instructions      = 1 (1)
  OSVW - AMD OS Visible Workaround                        = 0 (0)
  IBS - Instruct Based Sampling                           = 0 (0)
  XOP - Extended Operation support                        = 0 (0)
  SKINIT - SKINIT, STGI, and DEV support                  = 0 (0)
  WDT - AMD Watchdog Timer support                        = 0 (0)
  LWP - Lightweight Profiling support                     = 0 (0)
  FMA4 - Four operand FMA instruction support             = 0 (0)
  NodeId - NodeId in MSR C001_100C                        = 0 (0)
  TBM - Trailing Bit Manipulation instructions            = 0 (0)
  TOPOEXT - Topology Extensions                           = 0 (0)
Full Name:                       "Intel(R) Core(TM) i5-6200U CPU @ 2.30GHz"
TLB 2/4M Instr/Uni:              res0     0 entries
TLB 2/4M Data:                   res0     0 entries
TLB 4K Instr/Uni:                res0     0 entries
TLB 4K Data:                     res0     0 entries
L1 Instr Cache Line Size:        0 bytes
L1 Instr Cache Lines Per Tag:    0
L1 Instr Cache Associativity:    res0  
L1 Instr Cache Size:             0 KB
L1 Data Cache Line Size:         0 bytes
L1 Data Cache Lines Per Tag:     0
L1 Data Cache Associativity:     res0  
L1 Data Cache Size:              0 KB
L2 TLB 2/4M Instr/Uni:           off       0 entries
L2 TLB 2/4M Data:                off       0 entries
L2 TLB 4K Instr/Uni:             off       0 entries
L2 TLB 4K Data:                  off       0 entries
L2 Cache Line Size:              0 bytes
L2 Cache Lines Per Tag:          0
L2 Cache Associativity:          off   
L2 Cache Size:                   0 KB
APM Features:                    TscInvariant
Host Invariant-TSC support:      true 
Physical Address Width:          39 bits
Virtual Address Width:           48 bits
Guest Physical Address Width:    0 bits
Physical Core Count:             1
!!
!! {handlers, phys virt hyper stats}
!!
Physical handlers: (PhysHandlers=13032 (0x32e8))
From             - To (incl)         HandlerHC         UserHC            HandlerGC UserGC    Type     Description
00000000000a0000 - 00000000000bffff  00007f26609716b0  00007f2632580f30  00000000  ff847f30  MMIO     VGA - VGA Video Buffer
00000000000c0000 - 00000000000c8fff  00007f266098f540  00007f2632581110  00000000  ff848110  Write    VGA BIOS
00000000000c9000 - 00000000000dffff  00007f26609716b0  00007f26325853f0  00000000  ff84c3f0  MMIO     PC Arch Reserved #0
00000000000e0000 - 00000000000e0fff  00007f266098f540  00007f2632584360  00000000  ff84b360  Write    ACPI RSDP
00000000000e1000 - 00000000000e1fff  00007f266098f540  00007f263256d9d0  00000000  ff8349d0  Write    DMI tables
00000000000e2000 - 00000000000effff  00007f266098f540  00007f263256e2d0  00000000  ff8352d0  Write    Net Boot ROM
00000000000f0000 - 00000000000fffff  00007f266098f540  00007f263256dac0  00000000  ff834ac0  Write    PC BIOS - 0xfffff
00000000e0000000 - 00000000e07fffff  00007f2630a7f9a0  00007f26330f8100  00000000  ff9cc100  Write    VGA LFB
00000000fee00000 - 00000000fee00fff  00007f26609716b0  00007f2632570100  00000000  ff837100  MMIO     APIC
00000000ffff0000 - 00000000ffffffff  00007f266098f540  00007f263256de00  00000000  ff834e00  Write    PC BIOS - 0xffffffff
Virtual handlers:
From             - To (excl)         HandlerHC         HandlerGC Type       Description
Hypervisor Virtual handlers:
From             - To (excl)         HandlerHC         HandlerGC Type       Description
!!
!! {timers, <NULL>}
!!
Timers (pVM=00007f26338f5000)
pTimerR3         offNext  offPrev  offSched Clock               Time             Expire HzHint State                     Description
00007f2632585070 ffffff80 ffffc2d0 00000000 Real           108487288          108487266      0 2-ACTIVE                  EMT Yielder
00007f2632584ff0 00000000 00000080 00000000 Real           108487288          108487871      0 2-ACTIVE                  CPU Load Timer
00007f2632584d50 00000000 00000000 00000000 Virt          3376705726         3338385045      0 1-STOPPED                 Serial Transmit Timer
00007f2632584cd0 00000000 00000000 00000000 Virt          3376705726                  0      0 1-STOPPED                 Serial Fifo Timer
00007f2632584990 00000000 fffec7b0 00000000 VrSy          3370040078       599932015941      0 2-ACTIVE                  ACPI PM Timer
00007f2632582c70 00000000 00000000 00000000 Virt          3376705726         3374915602      0 2-ACTIVE                  DevIchAc97
00007f2632581340 00003d30 00000000 00000000 Real           108487289          108487263      0 2-ACTIVE                  VGA Refresh Timer
00007f26325786e0 00000000 00000000 00000000 Virt          3376705726                  0      0 1-STOPPED                 Heartbeat flatlined
00007f26325711c0 00000000 00000000 00000000 VrSy          3370040078         2990244140      0 1-STOPPED                 MC146818 RTC/CMOS - Second2
00007f2632571140 00013850 fffffa20 00000000 VrSy          3370040078         3990000000      0 2-ACTIVE                  MC146818 RTC/CMOS - Second
00007f26325710c0 00000000 00000000 00000000 VrSy          3370040078                  0      0 1-STOPPED                 MC146818 RTC/CMOS - Periodic
00007f2632570b60 000005e0 00000000 00000000 VrSy          3370040078         3414469179     18 2-ACTIVE                  i8254 Programmable Interval Timer
00007f26325702c0 00000000 00000000 00000000 VrSy          3370040078                  0      0 1-STOPPED                 APIC Timer 0
00007f263256fda0 00000000 00000000 00000000 Virt          3376705726                  0      0 1-STOPPED                 PS2M Delay Timer
00007f263256fd20 00000000 00000000 00000000 Real           108487290                  0      0 1-STOPPED                 PS2M Throttle Timer
00007f263256fca0 00000000 00000000 00000000 Virt          3376705726           18149742      0 1-STOPPED                 PS2K Delay Timer
00007f263256fc20 00000000 00000000 00000000 Real           108487290                  0      0 1-STOPPED                 PS2K Typematic Timer
00007f263256d2f0 00000000 00000000 00000000 Real           108487290                  0      0 1-STOPPED                 BlkCache-Commit
!!
!! {activetimers, <NULL>}
!!
Active Timers (pVM=00007f26338f5000)
pTimerR3         offNext  offPrev  offSched Clock               Time             Expire HzHint State                     Description
00007f2632581340 00003d30 00000000 00000000 Real           108487290          108487263      0 2-ACTIVE                  VGA Refresh Timer
00007f2632585070 ffffff80 ffffc2d0 00000000 Real           108487290          108487266      0 2-ACTIVE                  EMT Yielder
00007f2632584ff0 00000000 00000080 00000000 Real           108487290          108487871      0 2-ACTIVE                  CPU Load Timer
00007f2632582c70 00000000 00000000 00000000 Virt          3376705726         3374915602      0 2-ACTIVE                  DevIchAc97
00007f2632570b60 000005e0 00000000 00000000 VrSy          3370040078         3414469179     18 2-ACTIVE                  i8254 Programmable Interval Timer
00007f2632571140 00013850 fffffa20 00000000 VrSy          3370040078         3990000000      0 2-ACTIVE                  MC146818 RTC/CMOS - Second
00007f2632584990 00000000 fffec7b0 00000000 VrSy          3370040078       599932015941      0 2-ACTIVE                  ACPI PM Timer
!!
!! {apic}
!!
APIC0:
  APIC Base MSR                 = 0xfee00900 (Addr=0xfee00000)
  Mode                          = 2 (xAPIC)
  APIC ID                       = 0 (0x0)
  Version                       = 0x50014
    APIC Version                  = 0x14
    Max LVT entry index (0..N)    = 5
    EOI Broadcast supression      = false
  APR                           = 0 (0x0)
  TPR                           = 0 (0x0)
    Task-priority class           = 0x0
    Task-priority subclass        = 0x0
  PPR                           = 0 (0x0)
    Processor-priority class      = 0x0
    Processor-priority subclass   = 0x0
  RRD                           = 0 (0x0)
  LDR                           = 0x0
    Logical APIC ID               = 0x0
  DFR                           = 0xffffffff
    Model                         = 0xf (Flat)
  SVR                           = 0x10f
    Vector                        = 15 (0xf)
    Software Enabled              = true 
    Supress EOI broadcast         = false
  ISR
    0000000000000000000000000000000000000000000000000000000000000000
    Pending: None
  TMR
    0000000000000000000000000000000000000000000000000000000000000000
    Pending: None
  IRR
    0000000000000000000000000000000000000000000000000000000000000000
    Pending: None
  PIB
    0000000000000000000000000000000000000000000000000000000000000000
    Pending: None
  Level PIB
    0000000000000000000000000000000000000000000000000000000000000000
    Pending: None
  ESR Internal                  = 0x0
  ESR                           = 0x0
    Redirectable IPI              = false
    Send Illegal Vector           = false
    Recv Illegal Vector           = false
    Illegal Register Address      = false
  ICR Low                       = 0x0
    Vector                        = 0 (0x0)
    Delivery Mode                 = 0x0 (Fixed)
    Destination Mode              = 0x0 (Physical)
    Delivery Status               = 0
    Level                         = 0
    Trigger Mode                  = 0 (Edge)
    Destination shorthand         = 0x0 (None)
  ICR High                      = 0x0
    Destination field/mask        = 0x0
!!
!! {apiclvt}
!!
VCPU[0] APIC Local Vector Table (LVT):
lvt     timermode  mask  trigger  rirr  polarity  dlvr_st  dlvr_mode   vector
Timer    One-shot   1                               Idle                 0 (0x0)
Thermal             1                               Idle     Fixed       0 (0x0)
Perf                1                               Idle     Fixed       0 (0x0)
LINT0               0     Edge      0   ActiveHi    Idle     ExtINT      0 (0x0)
LINT1               0     Edge      0   ActiveHi    Idle     NMI         0 (0x0)
Error               1                               Idle     Fixed       0 (0x0)
!!
!! {apictimer}
!!
VCPU[0] Local APIC timer:
  ICR              = 0x0
  CCR              = 0x0
  DCR              = 0x0
    Timer shift    = 0x1
  Timer initial TS = 0
LVT Timer          = 0x10000
  Vector             = 0 (0x0)
  Delivery status    = 0
  Masked             = true 
  Timer Mode         = 0x0 (One-shot)
!!
!! {cfgm}
!!
pRoot=00007f2620000b50:{/}
[/] (level 0)
  CSAMEnabled       <integer> = 0x0000000000000001 (1)
  CpuExecutionCap   <integer> = 0x0000000000000064 (100)
  EnablePAE         <integer> = 0x0000000000000001 (1)
  HMEnabled         <integer> = 0x0000000000000001 (1)
  MemBalloonSize    <integer> = 0x0000000000000000 (0)
  Name              <string>  = "boot_test8" (cb=11)
  NumCPUs           <integer> = 0x0000000000000001 (1)
  PATMEnabled       <integer> = 0x0000000000000001 (1)
  PageFusionAllowed <integer> = 0x0000000000000000 (0)
  RamHoleSize       <integer> = 0x0000000020000000 (536 870 912, 512 MB)
  RamSize           <integer> = 0x0000000008000000 (134 217 728, 128 MB)
  RawR0Enabled      <integer> = 0x0000000000000001 (1)
  RawR3Enabled      <integer> = 0x0000000000000001 (1)
  TimerMillies      <integer> = 0x000000000000000a (10)
  UUID              <bytes>   = "45 16 9b 92 8f 2c 8d 47 82 61 cf 54 0d 1d 69 7c" (cb=16)

[/CPUM/] (level 1)
  GuestCpuName       <string>  = "host" (cb=5)
  PortableCpuIdLevel <integer> = 0x0000000000000000 (0)
  SpecCtrl           <integer> = 0x0000000000000000 (0)

[/DBGC/] (level 1)
  GlobalInitScript <string>  = "/home/pangi/.config/VirtualBox/dbgc-init" (cb=41)
  HistoryFile      <string>  = "/home/pangi/.config/VirtualBox/dbgc-history" (cb=44)
  LocalInitScript  <string>  = "/home/pangi/VirtualBox VMs/boot_test8/dbgc-init" (cb=48)

[/DBGF/] (level 1)
  Path <string>  = "/home/pangi/VirtualBox VMs/boot_test8/debug/;/home/pangi/VirtualBox VMs/boot_test8/;/home/pangi/" (cb=97)

[/Devices/] (level 1)

[/Devices/8237A/] (level 2)

[/Devices/8237A/0/] (level 3)
  Trusted <integer> = 0x0000000000000001 (1)

[/Devices/8237A/0/Config/] (level 4) (restricted root)

[/Devices/VMMDev/] (level 2)

[/Devices/VMMDev/0/] (level 3)
  PCIBusNo      <integer> = 0x0000000000000000 (0)
  PCIDeviceNo   <integer> = 0x0000000000000004 (4)
  PCIFunctionNo <integer> = 0x0000000000000000 (0)
  Trusted       <integer> = 0x0000000000000001 (1)

[/Devices/VMMDev/0/Config/] (level 4) (restricted root)
  GuestCoreDumpDir <string>  = "/home/pangi/VirtualBox VMs/boot_test8/Snapshots" (cb=48)

[/Devices/VMMDev/0/LUN#0/] (level 4)
  Driver <string>  = "HGCM" (cb=5)

[/Devices/VMMDev/0/LUN#0/Config/] (level 5) (restricted root)
  Object <integer> = 0x00007f2628000910 (139 801 856 575 760)

[/Devices/VMMDev/0/LUN#999/] (level 4)
  Driver <string>  = "MainStatus" (cb=11)

[/Devices/VMMDev/0/LUN#999/Config/] (level 5) (restricted root)
  First   <integer> = 0x0000000000000000 (0)
  Last    <integer> = 0x0000000000000000 (0)
  papLeds <integer> = 0x00007f2648001968 (139 802 393 450 856)

[/Devices/acpi/] (level 2)

[/Devices/acpi/0/] (level 3)
  PCIBusNo      <integer> = 0x0000000000000000 (0)
  PCIDeviceNo   <integer> = 0x0000000000000007 (7)
  PCIFunctionNo <integer> = 0x0000000000000000 (0)
  Trusted       <integer> = 0x0000000000000001 (1)

[/Devices/acpi/0/Config/] (level 4) (restricted root)
  CpuHotPlug          <integer> = 0x0000000000000000 (0)
  FdcEnabled          <integer> = 0x0000000000000000 (0)
  HostBusPciAddress   <integer> = 0x0000000000000000 (0)
  HpetEnabled         <integer> = 0x0000000000000000 (0)
  IOAPIC              <integer> = 0x0000000000000000 (0)
  IocPciAddress       <integer> = 0x0000000000010000 (65 536)
  NumCPUs             <integer> = 0x0000000000000001 (1)
  Parallel0IoPortBase <integer> = 0x0000000000000000 (0)
  Parallel0Irq        <integer> = 0x0000000000000000 (0)
  Parallel1IoPortBase <integer> = 0x0000000000000000 (0)
  Parallel1Irq        <integer> = 0x0000000000000000 (0)
  Serial0IoPortBase   <integer> = 0x00000000000003f8 (1 016)
  Serial0Irq          <integer> = 0x0000000000000004 (4)
  Serial1IoPortBase   <integer> = 0x0000000000000000 (0)
  Serial1Irq          <integer> = 0x0000000000000000 (0)
  ShowCpu             <integer> = 0x0000000000000000 (0)
  ShowRtc             <integer> = 0x0000000000000000 (0)
  SmcEnabled          <integer> = 0x0000000000000000 (0)

[/Devices/acpi/0/LUN#0/] (level 4)
  Driver <string>  = "ACPIHost" (cb=9)

[/Devices/acpi/0/LUN#0/Config/] (level 5) (restricted root)

[/Devices/apic/] (level 2)

[/Devices/apic/0/] (level 3)
  Trusted <integer> = 0x0000000000000001 (1)

[/Devices/apic/0/Config/] (level 4) (restricted root)
  IOAPIC  <integer> = 0x0000000000000000 (0)
  Mode    <integer> = 0x0000000000000002 (2)
  NumCPUs <integer> = 0x0000000000000001 (1)

[/Devices/e1000/] (level 2)

[/Devices/i8254/] (level 2)

[/Devices/i8254/0/] (level 3)

[/Devices/i8254/0/Config/] (level 4) (restricted root)

[/Devices/i8259/] (level 2)

[/Devices/i8259/0/] (level 3)
  Trusted <integer> = 0x0000000000000001 (1)

[/Devices/i8259/0/Config/] (level 4) (restricted root)

[/Devices/ichac97/] (level 2)

[/Devices/ichac97/0/] (level 3)
  PCIBusNo      <integer> = 0x0000000000000000 (0)
  PCIDeviceNo   <integer> = 0x0000000000000005 (5)
  PCIFunctionNo <integer> = 0x0000000000000000 (0)
  Trusted       <integer> = 0x0000000000000001 (1)

[/Devices/ichac97/0/AudioConfig/] (level 4)

[/Devices/ichac97/0/Config/] (level 4) (restricted root)
  Codec <string>  = "STAC9700" (cb=9)

[/Devices/ichac97/0/LUN#0/] (level 4)
  Driver <string>  = "AUDIO" (cb=6)

[/Devices/ichac97/0/LUN#0/AttachedDriver/] (level 5)
  Driver <string>  = "PulseAudio" (cb=11)

[/Devices/ichac97/0/LUN#0/AttachedDriver/Config/] (level 6) (restricted root)
  StreamName <string>  = "boot_test8" (cb=11)

[/Devices/ichac97/0/LUN#0/Config/] (level 5) (restricted root)

[/Devices/ichac97/0/LUN#1/] (level 4)
  Driver <string>  = "AUDIO" (cb=6)

[/Devices/ichac97/0/LUN#1/AttachedDriver/] (level 5)
  Driver <string>  = "AudioVRDE" (cb=10)

[/Devices/ichac97/0/LUN#1/AttachedDriver/Config/] (level 6) (restricted root)
  AudioDriver      <string>  = "AudioVRDE" (cb=10)
  Object           <integer> = 0x00007f2648007070 (139 802 393 473 136)
  ObjectVRDPServer <integer> = 0x00007f2648007150 (139 802 393 473 360)
  StreamName       <string>  = "boot_test8" (cb=11)

[/Devices/ichac97/0/LUN#1/Config/] (level 5) (restricted root)

[/Devices/mc146818/] (level 2)

[/Devices/mc146818/0/] (level 3)

[/Devices/mc146818/0/Config/] (level 4) (restricted root)
  UseUTC <integer> = 0x0000000000000000 (0)

[/Devices/parallel/] (level 2)

[/Devices/pcarch/] (level 2)

[/Devices/pcarch/0/] (level 3)
  Trusted <integer> = 0x0000000000000001 (1)

[/Devices/pcarch/0/Config/] (level 4) (restricted root)

[/Devices/pcbios/] (level 2)

[/Devices/pcbios/0/] (level 3)
  Trusted <integer> = 0x0000000000000001 (1)

[/Devices/pcbios/0/Config/] (level 4) (restricted root)
  APIC           <integer> = 0x0000000000000001 (1)
  BootDevice0    <string>  = "FLOPPY" (cb=7)
  BootDevice1    <string>  = "DVD" (cb=4)
  BootDevice2    <string>  = "IDE" (cb=4)
  BootDevice3    <string>  = "NONE" (cb=5)
  FloppyDevice   <string>  = "i82078" (cb=7)
  HardDiskDevice <string>  = "piix3ide" (cb=9)
  IOAPIC         <integer> = 0x0000000000000000 (0)
  McfgBase       <integer> = 0x0000000000000000 (0)
  McfgLength     <integer> = 0x0000000000000000 (0)
  NumCPUs        <integer> = 0x0000000000000001 (1)
  PXEDebug       <integer> = 0x0000000000000000 (0)
  UUID           <bytes>   = "45 16 9b 92 8f 2c 8d 47 82 61 cf 54 0d 1d 69 7c" (cb=16)

[/Devices/pcbios/0/Config/NetBoot/] (level 5)

[/Devices/pci/] (level 2)

[/Devices/pci/0/] (level 3)
  Trusted <integer> = 0x0000000000000001 (1)

[/Devices/pci/0/Config/] (level 4) (restricted root)
  IOAPIC <integer> = 0x0000000000000000 (0)

[/Devices/pckbd/] (level 2)

[/Devices/pckbd/0/] (level 3)
  Trusted <integer> = 0x0000000000000001 (1)

[/Devices/pckbd/0/Config/] (level 4) (restricted root)

[/Devices/pckbd/0/LUN#0/] (level 4)
  Driver <string>  = "KeyboardQueue" (cb=14)

[/Devices/pckbd/0/LUN#0/AttachedDriver/] (level 5)
  Driver <string>  = "MainKeyboard" (cb=13)

[/Devices/pckbd/0/LUN#0/AttachedDriver/Config/] (level 6) (restricted root)
  Object <integer> = 0x00007f264800e5b0 (139 802 393 503 152)

[/Devices/pckbd/0/LUN#0/Config/] (level 5) (restricted root)
  QueueSize <integer> = 0x0000000000000040 (64)

[/Devices/pckbd/0/LUN#1/] (level 4)
  Driver <string>  = "MouseQueue" (cb=11)

[/Devices/pckbd/0/LUN#1/AttachedDriver/] (level 5)
  Driver <string>  = "MainMouse" (cb=10)

[/Devices/pckbd/0/LUN#1/AttachedDriver/Config/] (level 6) (restricted root)
  Object <integer> = 0x00007f2648002410 (139 802 393 453 584)

[/Devices/pckbd/0/LUN#1/Config/] (level 5) (restricted root)
  QueueSize <integer> = 0x0000000000000080 (128)

[/Devices/pcnet/] (level 2)

[/Devices/piix3ide/] (level 2)

[/Devices/piix3ide/0/] (level 3)
  PCIBusNo      <integer> = 0x0000000000000000 (0)
  PCIDeviceNo   <integer> = 0x0000000000000001 (1)
  PCIFunctionNo <integer> = 0x0000000000000001 (1)
  Trusted       <integer> = 0x0000000000000001 (1)

[/Devices/piix3ide/0/Config/] (level 4) (restricted root)
  Type <string>  = "PIIX4" (cb=6)

[/Devices/piix3ide/0/Config/PrimaryMaster/] (level 5)
  NonRotationalMedium <integer> = 0x0000000000000000 (0)

[/Devices/piix3ide/0/LUN#0/] (level 4)
  Driver <string>  = "VD" (cb=3)

[/Devices/piix3ide/0/LUN#0/Config/] (level 5) (restricted root)
  Format    <string>  = "VHD" (cb=4)
  Mountable <integer> = 0x0000000000000000 (0)
  Path      <string>  = "/home/pangi/OS/tools/diskformat/example200M.vhd" (cb=48)
  Type      <string>  = "HardDisk" (cb=9)

[/Devices/piix3ide/0/LUN#999/] (level 4)
  Driver <string>  = "MainStatus" (cb=11)

[/Devices/piix3ide/0/LUN#999/Config/] (level 5) (restricted root)
  DeviceInstance        <string>  = "piix3ide/0" (cb=11)
  First                 <integer> = 0x0000000000000000 (0)
  Last                  <integer> = 0x0000000000000003 (3)
  pConsole              <integer> = 0x00007f2648001180 (139 802 393 448 832)
  papLeds               <integer> = 0x00007f2648001548 (139 802 393 449 800)
  pmapMediumAttachments <integer> = 0x00007f2648001988 (139 802 393 450 888)

[/Devices/serial/] (level 2)

[/Devices/serial/0/] (level 3)

[/Devices/serial/0/Config/] (level 4) (restricted root)
  IOBase <integer> = 0x00000000000003f8 (1 016)
  IRQ    <integer> = 0x0000000000000004 (4)

[/Devices/serial/0/LUN#0/] (level 4)
  Driver <string>  = "Char" (cb=5)

[/Devices/serial/0/LUN#0/AttachedDriver/] (level 5)
  Driver <string>  = "RawFile" (cb=8)

[/Devices/serial/0/LUN#0/AttachedDriver/Config/] (level 6) (restricted root)
  Location <string>  = "boot_serial.log" (cb=16)

[/Devices/serial/0/LUN#0/Config/] (level 5) (restricted root)

[/Devices/vga/] (level 2)

[/Devices/vga/0/] (level 3)
  PCIBusNo      <integer> = 0x0000000000000000 (0)
  PCIDeviceNo   <integer> = 0x0000000000000002 (2)
  PCIFunctionNo <integer> = 0x0000000000000000 (0)
  Trusted       <integer> = 0x0000000000000001 (1)

[/Devices/vga/0/Config/] (level 4) (restricted root)
  CustomVideoModes <integer> = 0x0000000000000000 (0)
  FadeIn           <integer> = 0x0000000000000001 (1)
  FadeOut          <integer> = 0x0000000000000001 (1)
  HeightReduction  <integer> = 0x0000000000000000 (0)
  LogoFile         <string>  = "" (cb=1)
  LogoTime         <integer> = 0x0000000000000000 (0)
  MonitorCount     <integer> = 0x0000000000000001 (1)
  ShowBootMenu     <integer> = 0x0000000000000002 (2)
  VRamSize         <integer> = 0x0000000000800000 (8 388 608, 8 MB)

[/Devices/vga/0/LUN#0/] (level 4)
  Driver <string>  = "MainDisplay" (cb=12)

[/Devices/vga/0/LUN#0/Config/] (level 5) (restricted root)
  Object <integer> = 0x00007f2648003020 (139 802 393 456 672)

[/Devices/vga/0/LUN#999/] (level 4)
  Driver <string>  = "MainStatus" (cb=11)

[/Devices/vga/0/LUN#999/Config/] (level 5) (restricted root)
  First   <integer> = 0x0000000000000000 (0)
  Last    <integer> = 0x0000000000000000 (0)
  papLeds <integer> = 0x00007f2648001980 (139 802 393 450 880)

[/Devices/virtio-net/] (level 2)

[/EM/] (level 1)
  TripleFaultReset <integer> = 0x0000000000000000 (0)

[/GIM/] (level 1)
  Provider <string>  = "None" (cb=5)

[/HM/] (level 1)
  64bitEnabled       <integer> = 0x0000000000000001 (1)
  EnableLargePages   <integer> = 0x0000000000000000 (0)
  EnableNestedPaging <integer> = 0x0000000000000001 (1)
  EnableUX           <integer> = 0x0000000000000001 (1)
  EnableVPID         <integer> = 0x0000000000000001 (1)
  Exclusive          <integer> = 0x0000000000000001 (1)
  HMForced           <integer> = 0x0000000000000001 (1)
  IBPBOnVMEntry      <integer> = 0x0000000000000000 (0)
  IBPBOnVMExit       <integer> = 0x0000000000000000 (0)
  SpecCtrlByHost     <integer> = 0x0000000000000000 (0)

[/MM/] (level 1)
  CanUseLargerHeap <integer> = 0x0000000000000000 (0)

[/PDM/] (level 1)

[/PDM/AsyncCompletion/] (level 2)

[/PDM/AsyncCompletion/File/] (level 3)

[/PDM/AsyncCompletion/File/BwGroups/] (level 4)

[/PDM/BlkCache/] (level 2)
  CacheSize <integer> = 0x0000000000500000 (5 242 880, 5 MB)

[/PDM/Devices/] (level 2)

[/PDM/Drivers/] (level 2)

[/PDM/Drivers/VBoxC/] (level 3)
  Path <string>  = "/usr/lib/virtualbox/components/VBoxC" (cb=37)

[/PDM/NetworkShaper/] (level 2)

[/PDM/NetworkShaper/BwGroups/] (level 3)

[/TM/] (level 1)
  UTCOffset <integer> = 0x0000000000000000 (0)

!!
!! {clocks}
!!
Cpu Tick:         8087999929 (0x000001e21515b9) 2399963721Hz paused - virtualized - virtual clock
 Virtual:         3376705726 (0x000000c94470be) 1000000000Hz paused
VirtSync:         3370040078 (0x000000c8debb0e) paused
    Real:          108487301 (0x00000006776285) 1000Hz
!!
!! {cmos1}
!!
First CMOS bank, offsets 0x0E - 0x7F
Offset 00 : --- use 'info rtc' to show CMOS clock --- 00 00
Offset 10 : 00 00 f0 00 0e 80 02 ff-ff 2f 00 00 00 00 39 03
Offset 20 : 10 ff ff ff ff 1f 00 00-00 00 00 00 00 00 08 14
Offset 30 : ff ff 20 00 00 07 00 20-20 00 00 00 00 31 00 00
Offset 40 : 00 00 00 00 00 00 00 00-00 00 00 00 00 00 00 00
Offset 50 : 00 00 00 00 00 00 00 00-00 00 00 00 00 00 00 00
Offset 60 : 01 00 00 00 00 00 00 00-00 00 00 00 00 00 00 00
Offset 70 : 00 00 00 00 00 00 00 00-01 00 00 00 00 00 00 00
!!
!! {cmos2}
!!
Second CMOS bank, offsets 0x80 - 0xFF
Offset 80 : 00 00 ff ff ff ff ff ff-ff ff 00 00 00 00 00 00
Offset 90 : 00 00 00 00 00 00 00 00-00 00 00 00 00 00 00 00
Offset a0 : 00 00 00 00 00 00 00 00-00 00 00 00 00 00 00 00
Offset b0 : 00 00 00 00 00 00 00 00-00 00 00 00 00 00 00 00
Offset c0 : 00 00 00 00 00 00 00 00-00 00 00 00 00 00 00 00
Offset d0 : 00 00 00 00 00 00 00 00-00 00 00 00 00 00 00 00
Offset e0 : 00 00 00 00 00 00 00 00-00 00 00 00 00 00 00 00
Offset f0 : 00 00 00 00 00 00 00 00-00 00 00 00 00 00 00 00
!!
!! {exithistory}
!!
CPU[0]: VT-x VM-exit history:
  idxExitHistoryFree = 21
  auExitHistory[ 0] = 0x001e  VMX_EXIT_PORT_IO - 30 - I/O instruction. 
  auExitHistory[ 1] = 0x001e  VMX_EXIT_PORT_IO - 30 - I/O instruction. 
  auExitHistory[ 2] = 0x001e  VMX_EXIT_PORT_IO - 30 - I/O instruction. 
  auExitHistory[ 3] = 0x001e  VMX_EXIT_PORT_IO - 30 - I/O instruction. 
  auExitHistory[ 4] = 0x001e  VMX_EXIT_PORT_IO - 30 - I/O instruction. 
  auExitHistory[ 5] = 0x0030  VMX_EXIT_EPT_VIOLATION - 48 - EPT violation. 
  auExitHistory[ 6] = 0x0030  VMX_EXIT_EPT_VIOLATION - 48 - EPT violation. 
  auExitHistory[ 7] = 0x0030  VMX_EXIT_EPT_VIOLATION - 48 - EPT violation. 
  auExitHistory[ 8] = 0x0030  VMX_EXIT_EPT_VIOLATION - 48 - EPT violation. 
  auExitHistory[ 9] = 0x0030  VMX_EXIT_EPT_VIOLATION - 48 - EPT violation. 
  auExitHistory[10] = 0x0030  VMX_EXIT_EPT_VIOLATION - 48 - EPT violation. 
  auExitHistory[11] = 0x0030  VMX_EXIT_EPT_VIOLATION - 48 - EPT violation. 
  auExitHistory[12] = 0x0000  VMX_EXIT_XCPT_OR_NMI - 0 - Exception or non-maskable interrupt (NMI). 
  auExitHistory[13] = 0x0030  VMX_EXIT_EPT_VIOLATION - 48 - EPT violation. 
  auExitHistory[14] = 0x0030  VMX_EXIT_EPT_VIOLATION - 48 - EPT violation. 
  auExitHistory[15] = 0x0030  VMX_EXIT_EPT_VIOLATION - 48 - EPT violation. 
  auExitHistory[16] = 0x001e  VMX_EXIT_PORT_IO - 30 - I/O instruction. 
  auExitHistory[17] = 0x0030  VMX_EXIT_EPT_VIOLATION - 48 - EPT violation. 
  auExitHistory[18] = 0x0030  VMX_EXIT_EPT_VIOLATION - 48 - EPT violation. 
  auExitHistory[19] = 0x0030  VMX_EXIT_EPT_VIOLATION - 48 - EPT violation. 
  auExitHistory[20] = 0x0030  VMX_EXIT_EPT_VIOLATION - 48 - EPT violation. <-- Latest exit
  auExitHistory[21] = 0xffff  <NULL> 
  auExitHistory[22] = 0x001e  VMX_EXIT_PORT_IO - 30 - I/O instruction. 
  auExitHistory[23] = 0x001e  VMX_EXIT_PORT_IO - 30 - I/O instruction. 
  auExitHistory[24] = 0x001e  VMX_EXIT_PORT_IO - 30 - I/O instruction. 
  auExitHistory[25] = 0x001e  VMX_EXIT_PORT_IO - 30 - I/O instruction. 
  auExitHistory[26] = 0x001e  VMX_EXIT_PORT_IO - 30 - I/O instruction. 
  auExitHistory[27] = 0x001e  VMX_EXIT_PORT_IO - 30 - I/O instruction. 
  auExitHistory[28] = 0x001e  VMX_EXIT_PORT_IO - 30 - I/O instruction. 
  auExitHistory[29] = 0x001e  VMX_EXIT_PORT_IO - 30 - I/O instruction. 
  auExitHistory[30] = 0x001e  VMX_EXIT_PORT_IO - 30 - I/O instruction. 
HM error = 0x0 (0)
!!
!! {fflags}
!!
Global FFs: 0x600
    REQUEST, CHECK_VM_STATE
  Groups:
    EXTERNAL_SUSPENDED, EXTERNAL_HALTED, HIGH_PRIORITY_PRE, NORMAL_PRIORITY_POST, NORMAL_PRIORITY,
    ALL_REM
CPU 0 FFs: 0x6
    INTERRUPT_PIC, TIMER
  Groups:
    EXTERNAL_HALTED, HIGH_PRIORITY_PRE, HM_TO_R3, ALL_REM
!!
!! {gdtguest}
!!
Guest GDT (GCAddr=0000000000007c00 limit=17):
0008 - 0000ffff 00cf9b00 - base=00000000 limit=ffffffff dpl=0 CodeER Accessed Present Page 32-bit 
0010 - 0000ffff 00cf9300 - base=00000000 limit=ffffffff dpl=0 DataRW Accessed Present Page 32-bit 
!!
!! {guestprops}
!!
/VirtualBox/HostInfo/GUI/LanguageID: 'en_US', 1601506710647323000 (RDONLYGUEST)
/VirtualBox/HostInfo/VBoxVerExt: '5.1.38_Ubuntu', 1601506725145258000 (TRANSIENT, RDONLYGUEST)
/VirtualBox/HostGuest/SysprepExec: '', 1601506725144935000 (TRANSIENT, RDONLYGUEST)
/VirtualBox/HostGuest/SysprepArgs: '', 1601506725144975000 (TRANSIENT, RDONLYGUEST)
/VirtualBox/HostInfo/VBoxRev: '122592', 1601506725145290000 (TRANSIENT, RDONLYGUEST)
/VirtualBox/HostInfo/VBoxVer: '5.1.38', 1601506725145220000 (TRANSIENT, RDONLYGUEST)
!!
!! {hmeventpending}
!!
CPU[0]: HM event (fPending=false)
!!
!! {ioport}
!!
I/O Port R3 ranges (pVM=00007f26338f5000)
Range     pDevIns          In               Out              pvUser           Description
0000-0007 00007f2620140b40 00007f2630ab52d0 00007f2630ab5ea0 00007f2620140c50 DMA8 Address
0008-000f 00007f2620140b40 00007f2630ab5360 00007f2630ab5f60 00007f2620140c50 DMA8 Control
0020-0021 00007f2632570340 00007f2630a94560 00007f2630a946e0 0000000000000000 i8259 PIC #0
0040-0043 00007f2632570810 00007f2630a91a90 00007f2630a93280 0000000000000000 i8254 Programmable Interval Timer
0060-0060 00007f263256f620 00007f2630a66290 00007f2630a66630 0000000000000000 PC Keyboard - Data
0061-0061 00007f2632570810 00007f2630a921a0 00007f2630a92510 0000000000000000 PC Speaker
0064-0064 00007f263256f620 00007f2630a65a30 00007f2630a66320 0000000000000000 PC Keyboard - Command / Status
0070-0073 00007f2632570d00 00007f2630a9b120 00007f2630a9c3b0 0000000000000000 MC146818 RTC/CMOS
0080-0087 00007f2620140b40 00007f2630ab5470 00007f2630ab60c0 00007f2620140c50 DMA8 Page
0088-008f 00007f2620140b40 00007f2630ab5470 00007f2630ab60c0 00007f2620140cf0 DMA16 Page
0092-0092 00007f26200def20 00007f2630aa2f40 00007f2630aa2f80 0000000000000000 PS/2 system control port A (A20 and more)
00a0-00a1 00007f2632570340 00007f2630a94560 00007f2630a946e0 0000000000000001 i8259 PIC #1
00c0-00cf 00007f2620140b40 00007f2630ab52d0 00007f2630ab5ea0 00007f2620140cf0 DMA16 Address
00d0-00df 00007f2620140b40 00007f2630ab5360 00007f2630ab5f60 00007f2620140cf0 DMA16 Control
00f0-00ff 00007f26200def20 00007f2630aa2b40 00007f2630aa2f10 0000000000000000 Math Co-Processor (DOS/OS2 mode)
0170-0170 00007f2632581480 00007f2630a90b10 00007f2630a90de0 0000000000000001 ATA I/O Base 1 - Data
0171-0177 00007f2632581480 00007f2630a88370 00007f2630a89130 0000000000000001 ATA I/O Base 1 - Other
01ce-01ce 00007f26330f8000 00007f2630a7e7a0 00007f2630a7e730 0000000000000000 VGA/VBE - Index
01cf-01cf 00007f26330f8000 00007f2630a7e6a0 00007f2630a80e00 0000000000000000 VGA/VBE - Data
01f0-01f0 00007f2632581480 00007f2630a90b10 00007f2630a90de0 0000000000000000 ATA I/O Base 1 - Data
01f1-01f7 00007f2632581480 00007f2630a88370 00007f2630a89130 0000000000000000 ATA I/O Base 1 - Other
0376-0376 00007f2632581480 00007f2630a85380 00007f2630a8a520 0000000000000001 ATA I/O Base 2
03b0-03b3 00007f26330f8000 00007f2630a7f870 00007f2630a7f8d0 0000000000000000 VGA - 3b0 (HGSMI host)
03b4-03b5 00007f26330f8000 00007f2630a7b590 00007f2630a7fe60 0000000000000000 VGA - 3b4
03b6-03b6 00007f26330f8000 00007f2630a7e800 00007f2630a7b630 0000000000000000 VBE BIOS Extra Data
03b7-03b7 00007f26330f8000 00007f2630a7b600 00007f2630a7b610 0000000000000000 VGA BIOS debug/panic
03b8-03b8 00007f26330f8000 00007f2630a7ead0 00007f2630a7e8a0 0000000000000000 BIOS Logo
03ba-03ba 00007f26330f8000 00007f2630a7b590 00007f2630a7fe60 0000000000000000 VGA - 3ba
03c0-03cf 00007f26330f8000 00007f2630a7b590 00007f2630a7fe60 0000000000000000 VGA - 3c0
03d0-03d3 00007f26330f8000 00007f2630a7f870 00007f2630a7f8d0 0000000000000000 VGA - 3d0 (HGSMI guest)
03d4-03d5 00007f26330f8000 00007f2630a7b590 00007f2630a7fe60 0000000000000000 VGA - 3d4
03da-03da 00007f26330f8000 00007f2630a7b590 00007f2630a7fe60 0000000000000000 VGA - 3da
03f6-03f6 00007f2632581480 00007f2630a85380 00007f2630a8a520 0000000000000000 ATA I/O Base 2
03f8-03ff 00007f2632584a10 00007f2630abd000 00007f2630abe330 0000000000000000 SERIAL
0400-0403 00007f26200df490 00007f2630a9c890 00007f2630a9db50 0000000000000000 Bochs PC BIOS - Panic & Debug
04d0-04d0 00007f2632570340 00007f2630a93900 00007f2630a93980 00007f2632570440 i8259 PIC #0 - elcr
04d1-04d1 00007f2632570340 00007f2630a93900 00007f2630a93980 00007f2632570488 i8259 PIC #1 - elcr
0504-0504 00007f2632571540 00007f2660877e90 00007f2630aa6040 0000000000000000 VMMDev backdoor logging
0505-0505 00007f2632571540 00007f2630aa5ec0 00007f2630aa5e80 0000000000000000 VMMDev timesync backdoor
0cf8-0cf8 00007f263256e5c0 00007f2630a6e950 00007f2630a6e8f0 0000000000000000 i440FX (PCI)
0cfc-0cff 00007f263256e5c0 00007f2630a6d520 00007f2630a6d4a0 0000000000000000 i440FX (PCI)
4000-4000 00007f2632582cf0 00007f2630a950d0 00007f2630a99150 00007f2632582df0 ACPI PM1a Status
4002-4002 00007f2632582cf0 00007f2630a95130 00007f2630a991d0 00007f2632582df0 ACPI PM1a Enable
4004-4004 00007f2632582cf0 00007f2630a95070 00007f2630a96090 00007f2632582df0 ACPI PM1a Control
4008-4008 00007f2632582cf0 00007f2630a993a0 00007f2660877920 00007f2632582df0 ACPI PM Timer
4020-4020 00007f2632582cf0 00007f2630a94fb0 00007f2630a99ab0 00007f2632582df0 ACPI GPE0 Status
4021-4021 00007f2632582cf0 00007f2630a95010 00007f2630a99b20 00007f2632582df0 ACPI GPE0 Enable
4040-4040 00007f2632582cf0 00007f2660877e90 00007f2630a95f30 00007f2632582df0 ACPI Battery status index
4044-4044 00007f2632582cf0 00007f2630a956a0 00007f2660877920 00007f2632582df0 ACPI Battery status data
4048-4048 00007f2632582cf0 00007f2660877e90 00007f2630a95e60 00007f2632582df0 ACPI system info index
404c-404c 00007f2632582cf0 00007f2630a95370 00007f2630a96310 00007f2632582df0 ACPI system info data
4050-4050 00007f2632582cf0 00007f2660877e90 00007f2630a962a0 00007f2632582df0 ACPI Reset
4100-410f 00007f2632582cf0 00007f2630a95190 00007f2630a99c40 00007f2632582df0 SMBus
442e-442e 00007f2632582cf0 00007f2660877e90 00007f2630a95fb0 00007f2632582df0 ACPI SMI
8900-8900 00007f26200df490 00007f2630a9c890 00007f2630a9db50 0000000000000000 Bochs PC BIOS - Shutdown
d000-d007 00007f2632581480 00007f2630a85480 00007f2630a8a330 0000000000000000 ATA Bus Master DMA
d008-d00f 00007f2632581480 00007f2630a85480 00007f2630a8a330 0000000000000001 ATA Bus Master DMA
d020-d020 00007f2632571540 00007f2660877e90 00007f2630aa7de0 00007f2632571640 VMMDev Request Handler
d100-d1ff 00007f262014dbb0 00007f2630b3ad80 00007f2630b3c470 00007f262014dcb0 ICHAC97 NAM
d200-d23f 00007f262014dbb0 00007f2630b39bb0 00007f2630b3b3c0 00007f262014dcb0 ICHAC97 NABM
I/O Port R0 ranges (pVM=00007f26338f5000)
Range     pDevIns          In               Out              pvUser           Description
0020-0021 00007f2632570340 ffffffffc0960920 ffffffffc0960aa0 0000000000000000 i8259 PIC #0
0040-0043 00007f2632570810 ffffffffc095ff50 ffffffffc0960110 0000000000000000 i8254 Programmable Interval Timer
0060-0060 00007f263256f620 ffffffffc095e500 ffffffffc095e580 0000000000000000 PC Keyboard - Data
0064-0064 00007f263256f620 ffffffffc095e700 ffffffffc095e740 0000000000000000 PC Keyboard - Command / Status
0070-0073 00007f2632570d00 ffffffffc0961170 ffffffffc09612a0 0000000000000000 MC146818 RTC/CMOS
00a0-00a1 00007f2632570340 ffffffffc0960920 ffffffffc0960aa0 0000000000000001 i8259 PIC #1
0170-0170 00007f2632581480 ffffffffc0962cf0 ffffffffc09629e0 0000000000000001 ATA I/O Base 1 - Data
0171-0177 00007f2632581480 ffffffffc0963940 ffffffffc09635f0 0000000000000001 ATA I/O Base 1 - Other
01ce-01ce 00007f26330f8000 ffffffffc095d830 ffffffffc095d730 0000000000000000 VGA/VBE - Index (GC)
01cf-01cf 00007f26330f8000 ffffffffc095d7a0 ffffffffc095d6b0 0000000000000000 VGA/VBE - Data (GC)
01f0-01f0 00007f2632581480 ffffffffc0962cf0 ffffffffc09629e0 0000000000000000 ATA I/O Base 1 - Data
01f1-01f7 00007f2632581480 ffffffffc0963940 ffffffffc09635f0 0000000000000000 ATA I/O Base 1 - Other
0376-0376 00007f2632581480 ffffffffc0963e70 ffffffffc0963d40 0000000000000001 ATA I/O Base 2
03b4-03b5 00007f26330f8000 ffffffffc095d640 ffffffffc095d5c0 0000000000000000 VGA - 3b4 (GC)
03b7-03b7 00007f26330f8000 ffffffffc095e340 ffffffffc095e350 0000000000000000 VGA BIOS debug/panic
03ba-03ba 00007f26330f8000 ffffffffc095d640 ffffffffc095d5c0 0000000000000000 VGA - 3ba (GC)
03c0-03cf 00007f26330f8000 ffffffffc095d640 ffffffffc095d5c0 0000000000000000 VGA - 3c0 (GC)
03d4-03d5 00007f26330f8000 ffffffffc095d640 ffffffffc095d5c0 0000000000000000 VGA - 3d4 (GC)
03da-03da 00007f26330f8000 ffffffffc095d640 ffffffffc095d5c0 0000000000000000 VGA - 3da (GC)
03f6-03f6 00007f2632581480 ffffffffc0963e70 ffffffffc0963d40 0000000000000000 ATA I/O Base 2
03f8-03ff 00007f2632584a10 ffffffffc0967c60 ffffffffc0967c40 0000000000000000 Serial
04d0-04d0 00007f2632570340 ffffffffc0960f00 ffffffffc0960f80 00007f2632570440 i8259 PIC #0 - elcr
04d1-04d1 00007f2632570340 ffffffffc0960f00 ffffffffc0960f80 00007f2632570488 i8259 PIC #1 - elcr
0cf8-0cf8 00007f263256e5c0 ffffffffc095b470 ffffffffc095b410 0000000000000000 i440FX (PCI)
0cfc-0cff 00007f263256e5c0 ffffffffc095b580 ffffffffc095b4e0 0000000000000000 i440FX (PCI)
4008-4008 00007f2632582cf0 ffffffffc095f5c0 0000000000000000 0000000000000000 ACPI PM Timer
d000-d007 00007f2632581480 ffffffffc09632f0 ffffffffc0963400 0000000000000000 ATA Bus Master DMA
d008-d00f 00007f2632581480 ffffffffc09632f0 ffffffffc0963400 0000000000000001 ATA Bus Master DMA
I/O Port GC ranges (pVM=00007f26338f5000)
Range     pDevIns  In       Out      pvUser   Description
!!
!! {irqroute}
!!
PCI interrupt router at: 00:01:0
PIRQA -> IRQ9
PIRQB -> IRQ11
PIRQC -> IRQ11
PIRQD -> IRQ10
!!
!! {ldtguest}
!!
Guest LDT (Sel=0): Null-Selector
!!
!! {mmio}
!!
MMIO ranges (pVM=00007f26338f5000)
GC Phys Range                     pDevIns          Read             Write            Fill             pvUser           Description
00000000000a0000-00000000000bffff 00007f26330f8000 00007f2630a7f690 00007f2630a7e120 00007f2630a7ec90 0000000000000000 VGA - VGA Video Buffer
                               R0 00007f26330f8000 ffffffffc095df20 ffffffffc095e100 ffffffffc095d890 0000000000000000
                               RC 00000000 00000000 00000000 00000000 00000000
00000000000c9000-00000000000dffff 00007f26200def20 00007f2630aa2ce0 00007f2630aa2b50 0000000000000000 0000000000000000 PC Arch Reserved #0
                               R0 0000000000000000 0000000000000000 0000000000000000 0000000000000000 0000000000000000
                               RC 00000000 00000000 00000000 00000000 00000000
00000000fee00000-00000000fee00fff 00007f263256ffa0 00007f26609b3b40 00007f26609b4b50 0000000000000000 0000000000000000 APIC
                               R0 00007f263256ffa0 ffffffffc0b37fd0 ffffffffc0b38e60 0000000000000000 0000000000000000
                               RC 00000000 00000000 00000000 00000000 00000000
!!
!! {pci}
!!
00:00:00 i440FX: 8086-1237
        Command: 00 00, Status: 00 00
        Bus master: No
00:01:00 PIIX3: 8086-7000
        Command: 07 00, Status: 00 02
        Bus master: Yes
00:01:01 piix3ide: 8086-7111
        IO region #4: d000..d010
        Command: 07 00, Status: 00 00
        Bus master: Yes
00:02:00 vga: 80ee-beef IRQ11 (INTA#->IRQ18)
        MMIO32 PREFETCH region #0: e0000000..e0800000
        Command: 07 00, Status: 00 00
        Bus master: Yes
00:04:00 VMMDev: 80ee-cafe IRQ10 (INTA#->IRQ20)
        IO region #0: d020..d040
        MMIO32 region #1: f0000000..f0400000
        MMIO32 PREFETCH region #2: f0400000..f0404000
        Command: 07 00, Status: 00 00
        Bus master: Yes
00:05:00 ichac97: 8086-2415 IRQ9 (INTA#->IRQ21)
        IO region #0: d100..d200
        IO region #1: d200..d240
        Command: 07 00, Status: 80 02
        Bus master: Yes
00:07:00 acpi: 8086-7113 IRQ9 (INTA#->IRQ23)
        Command: 07 00, Status: 80 02
        Bus master: Yes
!!
!! {pciirq}
!!
PCI I/O APIC IRQ levels:
  IRQ16: 0
  IRQ17: 0
  IRQ18: 0
  IRQ19: 0
  IRQ20: 0
  IRQ21: 0
  IRQ22: 0
  IRQ23: 0
!!
!! {pdmtracingids}
!!
Device tracing IDs:
00001  pcarch
00002  pcbios
00003  pci
00004  pckbd
00005  apic
00006  i8259
00007  i8254
00008  mc146818
00009  8237A
00010  VMMDev
00011  vga
00012  piix3ide
00013  ichac97
00014  acpi
00015  serial
USB device tracing IDs:
Driver tracing IDs:
01025  KeyboardQueue (level 0, lun 0, dev pckbd)
01026  MainKeyboard (level 1, lun 0, dev pckbd)
01027  MouseQueue (level 0, lun 1, dev pckbd)
01028  MainMouse (level 1, lun 1, dev pckbd)
01029  HGCM (level 0, lun 0, dev VMMDev)
01030  MainStatus (level 0, lun 999, dev VMMDev)
01031  MainDisplay (level 0, lun 0, dev vga)
01032  MainStatus (level 0, lun 999, dev vga)
01033  MainStatus (level 0, lun 999, dev piix3ide)
01034  VD (level 0, lun 0, dev piix3ide)
01035  AUDIO (level 0, lun 0, dev ichac97)
01036  PulseAudio (level 1, lun 0, dev ichac97)
01037  AUDIO (level 0, lun 1, dev ichac97)
01038  AudioVRDE (level 1, lun 1, dev ichac97)
01039  ACPIHost (level 0, lun 0, dev acpi)
01040  Char (level 0, lun 0, dev serial)
01041  RawFile (level 1, lun 0, dev serial)
!!
!! {phys}
!!
RAM ranges (pVM=00007f26338f5000)
GC Phys Range                     pvHC            
0000000000000000-0000000007ffffff 0000000000000000 Base RAM
00000000e0000000-00000000e07fffff 00007f260f5f6000 VRam
00000000f0000000-00000000f03fffff 00007f26301af000 VMMDev
00000000f0400000-00000000f0403fff 00007f2660001000 VMMDev Heap
00000000fee00000-00000000fee00fff 0000000000000000 APIC
00000000ffff0000-00000000ffffffff 0000000000000000 PC BIOS - 0xffffffff
!!
!! {pic}
!!
PIC0:
 IMR :b8 ISR   :00 IRR   :01 LIRR:01
 Base:08 PriAdd:00 RegSel:00
 Poll:00 SpMask:00 IState:00
 AEOI:00 Rotate:00 FNest :00 Ini4:01
 ELCR:00 ELMask:f8
PIC1:
 IMR :8f ISR   :00 IRR   :00 LIRR:00
 Base:70 PriAdd:00 RegSel:00
 Poll:00 SpMask:00 IState:00
 AEOI:00 Rotate:00 FNest :00 Ini4:01
 ELCR:0e ELMask:de
!!
!! {pit}
!!
PIT (i8254) channel 0 status: irq=0x0
      count=00010000  latched_count=0000  count_latched=00
           status=00   status_latched=00     read_state=03
      write_state=03      write_latch=00        rw_mode=03
             mode=02              bcd=00           gate=01
  count_load_time=00000000972324a8 next_transition_time=00000000cb84aa3b
      u64ReloadTS=00000000c83e91e2            u64NextTS=00000000cb84aa3b
PIT (i8254) channel 1 status: irq=0x0
      count=00010000  latched_count=0000  count_latched=00
           status=00   status_latched=00     read_state=00
      write_state=00      write_latch=00        rw_mode=00
             mode=03              bcd=00           gate=01
  count_load_time=0000000000000000 next_transition_time=0000000000000000
      u64ReloadTS=0000000000000000            u64NextTS=ffffffffffffffff
PIT (i8254) channel 2 status: irq=0x0
      count=00010000  latched_count=0000  count_latched=00
           status=00   status_latched=00     read_state=00
      write_state=00      write_latch=00        rw_mode=00
             mode=03              bcd=00           gate=00
  count_load_time=0000000000000000 next_transition_time=0000000000000000
      u64ReloadTS=0000000000000000            u64NextTS=ffffffffffffffff
speaker_data_on=0x0
!!
!! {plugins}
!!
No plug-ins loaded
!!
!! {ps2k}
!!
PS/2 Keyboard: scan set 2, scanning enabled
Active command 00
LED state 00, Num Lock off
Typematic delay 500ms, repeat period 91ms
Command queue: 0 items (4 max)
Input queue  : 0 items (64 max)
!!
!! {ps2m}
!!
PS/2 mouse state: normal, stream mode, reporting disabled
Protocol: PS/2, scaling 1:1
Active command 00
Sampling rate 100 reports/sec, resolution 4 counts/mm
Command queue: 0 items (8 max)
Event queue  : 0 items (256 max)
!!
!! {rtc}
!!
Time: 01:58:47  Date: 20-10-01
REG A=26 B=02 C=00 D=80
!!
!! {tracebuf}
!!
Tracing is disable
!!
!! {trpmevent}
!!
CPU[0]: TRPM event (None)
!!
!! {vbe}
!!
LFB at 00000000e0000000
VBE state (chip ID 0xb0c4):
 Display resolution: 800 x 600 @ 32bpp
 Virtual resolution: 800 x 65535
 Display start addr: 0, 0
 Linear scanline pitch: 0x0c80
 Linear display start : 0x0000
 Selected bank: 0x0000
!!
!! {vga}
!!
pixel clock: 28.322 MHz
double scanning off
double clocking off
htotal: 900 px (100 cclk)
vtotal: 449 px
hdisp : 900 px (100 cclk)
vdisp : 1112 px
split : 1023 ln
start : 0x0
display refresh interval: 20 ms
!!
!! {vgaar}
!!
VGA Attribute Controller (3C0): index reg 20, flip-flop: 1 (data)
 Palette: 00 01 02 03 04 05 14 07 38 39 3A 3B 3C 3D 3E 3F
 AR10:4D AR11:00 AR12:0F AR13:08 AR14:00
!!
!! {vgacr}
!!
VGA CRTC (3D5): CRTC index 3D4:14
 CR00:5F CR01:63 CR02:50 CR03:82 CR04:55 CR05:81 CR06:BF CR07:5D CR08:00 CR09:40
 CR0A:0E CR0B:0F CR0C:00 CR0D:00 CR0E:07 CR0F:80 CR10:9C CR11:00 CR12:57 CR13:64
 CR14:5F CR15:96 CR16:B9 CR17:A3 CR18:FF
!!
!! {vgadac}
!!
VGA DAC contents:
 00: 00 00 00
 01: 00 00 2A
 02: 00 2A 00
 03: 00 2A 2A
 04: 2A 00 00
 05: 2A 00 2A
 06: 2A 2A 00
 07: 2A 2A 2A
 08: 00 00 15
 09: 00 00 3F
 0A: 00 2A 15
 0B: 00 2A 3F
 0C: 2A 00 15
 0D: 2A 00 3F
 0E: 2A 2A 15
 0F: 2A 2A 3F
 10: 00 15 00
 11: 00 15 2A
 12: 00 3F 00
 13: 00 3F 2A
 14: 2A 15 00
 15: 2A 15 2A
 16: 2A 3F 00
 17: 2A 3F 2A
 18: 00 15 15
 19: 00 15 3F
 1A: 00 3F 15
 1B: 00 3F 3F
 1C: 2A 15 15
 1D: 2A 15 3F
 1E: 2A 3F 15
 1F: 2A 3F 3F
 20: 15 00 00
 21: 15 00 2A
 22: 15 2A 00
 23: 15 2A 2A
 24: 3F 00 00
 25: 3F 00 2A
 26: 3F 2A 00
 27: 3F 2A 2A
 28: 15 00 15
 29: 15 00 3F
 2A: 15 2A 15
 2B: 15 2A 3F
 2C: 3F 00 15
 2D: 3F 00 3F
 2E: 3F 2A 15
 2F: 3F 2A 3F
 30: 15 15 00
 31: 15 15 2A
 32: 15 3F 00
 33: 15 3F 2A
 34: 3F 15 00
 35: 3F 15 2A
 36: 3F 3F 00
 37: 3F 3F 2A
 38: 15 15 15
 39: 15 15 3F
 3A: 15 3F 15
 3B: 15 3F 3F
 3C: 3F 15 15
 3D: 3F 15 3F
 3E: 3F 3F 15
 3F: 3F 3F 3F
 40: 00 00 00
 41: 00 00 00
 42: 00 00 00
 43: 00 00 00
 44: 00 00 00
 45: 00 00 00
 46: 00 00 00
 47: 00 00 00
 48: 00 00 00
 49: 00 00 00
 4A: 00 00 00
 4B: 00 00 00
 4C: 00 00 00
 4D: 00 00 00
 4E: 00 00 00
 4F: 00 00 00
 50: 00 00 00
 51: 00 00 00
 52: 00 00 00
 53: 00 00 00
 54: 00 00 00
 55: 00 00 00
 56: 00 00 00
 57: 00 00 00
 58: 00 00 00
 59: 00 00 00
 5A: 00 00 00
 5B: 00 00 00
 5C: 00 00 00
 5D: 00 00 00
 5E: 00 00 00
 5F: 00 00 00
 60: 00 00 00
 61: 00 00 00
 62: 00 00 00
 63: 00 00 00
 64: 00 00 00
 65: 00 00 00
 66: 00 00 00
 67: 00 00 00
 68: 00 00 00
 69: 00 00 00
 6A: 00 00 00
 6B: 00 00 00
 6C: 00 00 00
 6D: 00 00 00
 6E: 00 00 00
 6F: 00 00 00
 70: 00 00 00
 71: 00 00 00
 72: 00 00 00
 73: 00 00 00
 74: 00 00 00
 75: 00 00 00
 76: 00 00 00
 77: 00 00 00
 78: 00 00 00
 79: 00 00 00
 7A: 00 00 00
 7B: 00 00 00
 7C: 00 00 00
 7D: 00 00 00
 7E: 00 00 00
 7F: 00 00 00
 80: 00 00 00
 81: 00 00 00
 82: 00 00 00
 83: 00 00 00
 84: 00 00 00
 85: 00 00 00
 86: 00 00 00
 87: 00 00 00
 88: 00 00 00
 89: 00 00 00
 8A: 00 00 00
 8B: 00 00 00
 8C: 00 00 00
 8D: 00 00 00
 8E: 00 00 00
 8F: 00 00 00
 90: 00 00 00
 91: 00 00 00
 92: 00 00 00
 93: 00 00 00
 94: 00 00 00
 95: 00 00 00
 96: 00 00 00
 97: 00 00 00
 98: 00 00 00
 99: 00 00 00
 9A: 00 00 00
 9B: 00 00 00
 9C: 00 00 00
 9D: 00 00 00
 9E: 00 00 00
 9F: 00 00 00
 A0: 00 00 00
 A1: 00 00 00
 A2: 00 00 00
 A3: 00 00 00
 A4: 00 00 00
 A5: 00 00 00
 A6: 00 00 00
 A7: 00 00 00
 A8: 00 00 00
 A9: 00 00 00
 AA: 00 00 00
 AB: 00 00 00
 AC: 00 00 00
 AD: 00 00 00
 AE: 00 00 00
 AF: 00 00 00
 B0: 00 00 00
 B1: 00 00 00
 B2: 00 00 00
 B3: 00 00 00
 B4: 00 00 00
 B5: 00 00 00
 B6: 00 00 00
 B7: 00 00 00
 B8: 00 00 00
 B9: 00 00 00
 BA: 00 00 00
 BB: 00 00 00
 BC: 00 00 00
 BD: 00 00 00
 BE: 00 00 00
 BF: 00 00 00
 C0: 00 00 00
 C1: 00 00 00
 C2: 00 00 00
 C3: 00 00 00
 C4: 00 00 00
 C5: 00 00 00
 C6: 00 00 00
 C7: 00 00 00
 C8: 00 00 00
 C9: 00 00 00
 CA: 00 00 00
 CB: 00 00 00
 CC: 00 00 00
 CD: 00 00 00
 CE: 00 00 00
 CF: 00 00 00
 D0: 00 00 00
 D1: 00 00 00
 D2: 00 00 00
 D3: 00 00 00
 D4: 00 00 00
 D5: 00 00 00
 D6: 00 00 00
 D7: 00 00 00
 D8: 00 00 00
 D9: 00 00 00
 DA: 00 00 00
 DB: 00 00 00
 DC: 00 00 00
 DD: 00 00 00
 DE: 00 00 00
 DF: 00 00 00
 E0: 00 00 00
 E1: 00 00 00
 E2: 00 00 00
 E3: 00 00 00
 E4: 00 00 00
 E5: 00 00 00
 E6: 00 00 00
 E7: 00 00 00
 E8: 00 00 00
 E9: 00 00 00
 EA: 00 00 00
 EB: 00 00 00
 EC: 00 00 00
 ED: 00 00 00
 EE: 00 00 00
 EF: 00 00 00
 F0: 00 00 00
 F1: 00 00 00
 F2: 00 00 00
 F3: 00 00 00
 F4: 00 00 00
 F5: 00 00 00
 F6: 00 00 00
 F7: 00 00 00
 F8: 00 00 00
 F9: 00 00 00
 FA: 00 00 00
 FB: 00 00 00
 FC: 00 00 00
 FD: 00 00 00
 FE: 00 00 00
 FF: 00 00 00
!!
!! {vgagr}
!!
VGA Graphics Controller (3CF): GR index 3CE:05
 GR00:00 GR01:00 GR02:00 GR03:00 GR04:00 GR05:50 GR06:05 GR07:0F GR08:FF
!!
!! {vgapl}
!!
read mode     : 0     write mode: 0
set/reset data: 00    S/R enable: 00
color compare : 00    read map  : 0
rotate        : 0     function  : 0
don't care    : 0F    bit mask  : FF
seq plane mask: 0F    chain-4   : on
!!
!! {vgasr}
!!
VGA Sequencer (3C5): SR index 3C4:04
 SR00:03 SR01:00 SR02:0F SR03:00 SR04:0A SR05:00 SR06:00 SR07:01
!!
!! {vgatext}
!!
Not in text mode!
!!!!!!!!!!!!!!!!!!!!!!!!!!!!!!!!!!!!!!!!!!!!!!!!!!!!!!!!!!!!!!!!!!!!!!
